#
# A fatal error has been detected by the Java Runtime Environment:
#
#  SIGSEGV (0xb) at pc=0x0000000110ffff14, pid=56402, tid=21763
#
# JRE version: Java(TM) SE Runtime Environment (11.0.1+13) (build 11.0.1+13-LTS)
# Java VM: Java HotSpot(TM) 64-Bit Server VM (11.0.1+13-LTS, mixed mode, tiered, compressed oops, g1 gc, bsd-amd64)
# Problematic frame:
# V  [libjvm.dylib+0x1fff14]  _ZN14AccessInternal19PostRuntimeDispatchIN12G1BarrierSet13AccessBarrierILy1196148ES1_EELNS_11BarrierTypeE2ELy1196148EE18oop_access_barrierEPv+0x6
#
# No core dump will be written. Core dumps have been disabled. To enable core dumping, try "ulimit -c unlimited" before starting Java again
#
# If you would like to submit a bug report, please visit:
#   http://bugreport.java.com/bugreport/crash.jsp
#

---------------  S U M M A R Y ------------

Command Line: -Djava.awt.headless=true -Dorg.gradle.native=false -Xmx512m -Dfile.encoding=UTF-8 -Duser.country=US -Duser.language=en -Duser.variant -ea worker.org.gradle.process.internal.worker.GradleWorkerMain 'Gradle Test Executor 1'

Host: MacBookPro14,3 x86_64 2900 MHz, 8 cores, 16G, Darwin 17.7.0
Time: Thu Mar  5 23:23:54 2020 PST elapsed time: 10 seconds (0d 0h 0m 10s)

---------------  T H R E A D  ---------------

Current thread (0x00007fc506014000):  JavaThread "C1 CompilerThread0" daemon [_thread_in_vm, id=21763, stack(0x0000700002af2000,0x0000700002bf2000)]


Current CompileTask:
C1:  10462 8318       3       android.view.View$GeneratedProxy/0x0000000800ac8040::requestLayout (8 bytes)

Stack: [0x0000700002af2000,0x0000700002bf2000],  sp=0x0000700002bf1920,  free space=1022k
Native frames: (J=compiled Java code, A=aot compiled Java code, j=interpreted, Vv=VM code, C=native code)
V  [libjvm.dylib+0x1fff14]  _ZN14AccessInternal19PostRuntimeDispatchIN12G1BarrierSet13AccessBarrierILy1196148ES1_EELNS_11BarrierTypeE2ELy1196148EE18oop_access_barrierEPv+0x6
V  [libjvm.dylib+0x1cd156]  _ZN15ciInstanceKlassC2EP5Klass+0xaa
V  [libjvm.dylib+0x1ddf2b]  _ZN15ciObjectFactory19create_new_metadataEP8Metadata+0x5b
V  [libjvm.dylib+0x1dd8aa]  _ZN15ciObjectFactory12get_metadataEP8Metadata+0x5a
V  [libjvm.dylib+0x1ddf81]  _ZN15ciObjectFactory19create_new_metadataEP8Metadata+0xb1
V  [libjvm.dylib+0x1dd8aa]  _ZN15ciObjectFactory12get_metadataEP8Metadata+0x5a
V  [libjvm.dylib+0x1c7a1e]  _ZN5ciEnv22get_method_from_handleEP6Method+0xa2
V  [libjvm.dylib+0x23a915]  _ZN13CompileBroker25invoke_compiler_on_methodEP11CompileTask+0x48b
V  [libjvm.dylib+0x23a328]  _ZN13CompileBroker20compiler_thread_loopEv+0x1b8
V  [libjvm.dylib+0x700342]  _ZN10JavaThread17thread_main_innerEv+0x82
V  [libjvm.dylib+0x70018d]  _ZN10JavaThread3runEv+0x1ab
V  [libjvm.dylib+0x600ad3]  _ZL19thread_native_entryP6Thread+0x135
C  [libsystem_pthread.dylib+0x3661]  _pthread_body+0x154
C  [libsystem_pthread.dylib+0x350d]  _pthread_body+0x0
C  [libsystem_pthread.dylib+0x2bf9]  thread_start+0xd


siginfo: si_signo: 11 (SIGSEGV), si_code: 0 (unknown), si_addr: 0x0000000000000000

Register to memory mapping:

RAX=0x0 is NULL
RBX=0x00007fc50822dc10 points into unknown readable memory
RCX=0x0000000000000001 is an unknown value
RDX=0x00007fc50822d770 points into unknown readable memory
RSP=0x0000700002bf1920 is pointing into the stack for thread: 0x00007fc506014000
RBP=0x0000700002bf1930 is pointing into the stack for thread: 0x00007fc506014000
RSI=0x0 is NULL
RDI=0x8000000000000000 is an unknown value
R8 =0x0000000000000020 is an unknown value
R9 =0x00000001117902c0: _ZN9vmSymbols8_symbolsE+0 in /Library/Java/JavaVirtualMachines/jdk-11.0.1.jdk/Contents/Home/lib/server/libjvm.dylib at 0x0000000110e00000
R10=0x000000000000006f is an unknown value
R11=0x00000001117410e8: _ZL8tc_mutex+0x20 in /Library/Java/JavaVirtualMachines/jdk-11.0.1.jdk/Contents/Home/lib/server/libjvm.dylib at 0x0000000110e00000
R12=0x000000000000006c is an unknown value
R13=0x0000000111777d50: _ZN18SafepointMechanism13_polling_typeE+0 in /Library/Java/JavaVirtualMachines/jdk-11.0.1.jdk/Contents/Home/lib/server/libjvm.dylib at 0x0000000110e00000
R14=0x00007fc50822dc10 points into unknown readable memory
R15=0x0000000800ac8040 is pointing into metadata


Registers:
RAX=0x0000000000000000, RBX=0x00007fc50822dc10, RCX=0x0000000000000001, RDX=0x00007fc50822d770
RSP=0x0000700002bf1920, RBP=0x0000700002bf1930, RSI=0x0000000000000000, RDI=0x8000000000000000
R8 =0x0000000000000020, R9 =0x00000001117902c0, R10=0x000000000000006f, R11=0x00000001117410e8
R12=0x000000000000006c, R13=0x0000000111777d50, R14=0x00007fc50822dc10, R15=0x0000000800ac8040
RIP=0x0000000110ffff14, EFLAGS=0x0000000000010286, ERR=0x0000000000000000
  TRAPNO=0x000000000000000d

Top of Stack: (sp=0x0000700002bf1920)
0x0000700002bf1920:   0000000000000000 00007fc50822dc10
0x0000700002bf1930:   0000700002bf1970 0000000110fcd156
0x0000700002bf1940:   0000000800ac8040 0000000800ac8040
0x0000700002bf1950:   000000000000006c 0000000111777d50
0x0000700002bf1960:   00007fc50822dc10 00007fc506014000
0x0000700002bf1970:   0000700002bf19b0 0000000110fddf2b
0x0000700002bf1980:   0000700002bf1c08 0000000006014000
0x0000700002bf1990:   0000000111584ae7 000000000000006c
0x0000700002bf19a0:   0000000800ac8040 00007fc50c9750a0
0x0000700002bf19b0:   0000700002bf19f0 0000000110fdd8aa
0x0000700002bf19c0:   0000700002bf1c08 00000000e04b9748
0x0000700002bf19d0:   0000000132b1d2a8 000000000000006c
0x0000700002bf19e0:   00007fc50c9750a0 00007fc506014000
0x0000700002bf19f0:   0000700002bf1a30 0000000110fddf81
0x0000700002bf1a00:   0000000132b1d2a8 0000000132b1d2a8
0x0000700002bf1a10:   00007fc506014000 0000000000000000
0x0000700002bf1a20:   0000000132b1d2a8 00007fc50c9750a0
0x0000700002bf1a30:   0000700002bf1a70 0000000110fdd8aa
0x0000700002bf1a40:   0000700002bf1a70 0000000110fdda65
0x0000700002bf1a50:   0000700002bf1c00 00007fc506014000
0x0000700002bf1a60:   0000000132b1d2a8 0000700002bf1c00
0x0000700002bf1a70:   0000700002bf1ab0 0000000110fc7a1e
0x0000700002bf1a80:   0000000111765500 0000700002bf1c00
0x0000700002bf1a90:   0000000132b1d2a8 0000000005810e00
0x0000700002bf1aa0:   0000000000003c7a 00007fc506014000
0x0000700002bf1ab0:   0000700002bf1d10 000000011103a915
0x0000700002bf1ac0:   00007fc505802120 00007fc505811100
0x0000700002bf1ad0:   00007fc505811140 00007fc5058114e8
0x0000700002bf1ae0:   00000000000003d8 0000700002bf1b68
0x0000700002bf1af0:   0000000000000000 0000000000000000
0x0000700002bf1b00:   00007fc505811b00 0000000000000016
0x0000700002bf1b10:   00000000000a3d01 00007fff5041e589 

Instructions: (pc=0x0000000110ffff14)
0x0000000110fffef4:   c0 e8 12 35 07 00 e8 73 07 40 00 31 c0 5d c3 90
0x0000000110ffff04:   55 48 89 e5 48 8b 07 5d c3 90 55 48 89 e5 53 50
0x0000000110ffff14:   48 8b 1f 48 85 db 74 08 48 89 df e8 34 98 0f 00
0x0000000110ffff24:   48 89 d8 48 83 c4 08 5b 5d c3 55 48 89 e5 48 8b 


---------------  P R O C E S S  ---------------

Threads class SMR info:
_java_thread_list=0x00007fc50c8c0780, length=29, elements={
0x00007fc505017000, 0x00007fc505043800, 0x00007fc5048b9000, 0x00007fc5048cb000,
0x00007fc506815800, 0x00007fc506014000, 0x00007fc505032000, 0x00007fc5048cc000,
0x00007fc5048f6000, 0x00007fc508000800, 0x00007fc5060e2800, 0x00007fc5050d3000,
0x00007fc506255800, 0x00007fc508037800, 0x00007fc50686a800, 0x00007fc507927000,
0x00007fc504e16000, 0x00007fc50a83b000, 0x00007fc506657000, 0x00007fc504c65800,
0x00007fc504c62800, 0x00007fc507447000, 0x00007fc5098c6800, 0x00007fc507cdf000,
0x00007fc50ae69800, 0x00007fc508152800, 0x00007fc50a966800, 0x00007fc50aef8000,
0x00007fc508311000
}

Java Threads: ( => current thread )
  0x00007fc505017000 JavaThread "main" [_thread_blocked, id=7427, stack(0x0000000111b7e000,0x0000000111c7e000)]
  0x00007fc505043800 JavaThread "Reference Handler" daemon [_thread_blocked, id=18691, stack(0x00007000026e6000,0x00007000027e6000)]
  0x00007fc5048b9000 JavaThread "Finalizer" daemon [_thread_blocked, id=17923, stack(0x00007000027e9000,0x00007000028e9000)]
  0x00007fc5048cb000 JavaThread "Signal Dispatcher" daemon [_thread_blocked, id=17415, stack(0x00007000028ec000,0x00007000029ec000)]
  0x00007fc506815800 JavaThread "C2 CompilerThread0" daemon [_thread_in_native, id=15107, stack(0x00007000029ef000,0x0000700002aef000)]
=>0x00007fc506014000 JavaThread "C1 CompilerThread0" daemon [_thread_in_vm, id=21763, stack(0x0000700002af2000,0x0000700002bf2000)]
  0x00007fc505032000 JavaThread "Sweeper thread" daemon [_thread_blocked, id=22019, stack(0x0000700002bf5000,0x0000700002cf5000)]
  0x00007fc5048cc000 JavaThread "Service Thread" daemon [_thread_blocked, id=42755, stack(0x0000700002cf8000,0x0000700002df8000)]
  0x00007fc5048f6000 JavaThread "Common-Cleaner" daemon [_thread_blocked, id=42499, stack(0x0000700002efe000,0x0000700002ffe000)]
  0x00007fc508000800 JavaThread "C2 CompilerThread1" daemon [_thread_in_native, id=42243, stack(0x0000700003001000,0x0000700003101000)]
  0x00007fc5060e2800 JavaThread "Test worker" [_thread_blocked, id=41475, stack(0x0000700003104000,0x0000700003204000)]
  0x00007fc5050d3000 JavaThread "/0:0:0:0:0:0:0:1:57278 to /0:0:0:0:0:0:0:1:57277 workers Thread 2" [_thread_blocked, id=41219, stack(0x0000700003207000,0x0000700003307000)]
  0x00007fc506255800 JavaThread "/0:0:0:0:0:0:0:1:57278 to /0:0:0:0:0:0:0:1:57277 workers Thread 3" [_thread_in_native, id=24835, stack(0x000070000330a000,0x000070000340a000)]
  0x00007fc508037800 JavaThread "C2 CompilerThread2" daemon [_thread_in_native, id=25347, stack(0x000070000340d000,0x000070000350d000)]
  0x00007fc50686a800 JavaThread "process reaper" daemon [_thread_blocked, id=38915, stack(0x0000700003c25000,0x0000700003c49000)]
  0x00007fc507927000 JavaThread "pool-1-thread-1" [_thread_blocked, id=37899, stack(0x0000700003c4c000,0x0000700003d4c000)]
  0x00007fc504e16000 JavaThread "SDK 28 Main Thread" [_thread_in_vm, id=38151, stack(0x0000700003d4f000,0x0000700003e4f000)]
  0x00007fc50a83b000 JavaThread "pool-2-thread-1" [_thread_blocked, id=29699, stack(0x0000700003f55000,0x0000700004055000)]
  0x00007fc506657000 JavaThread "Java2D Disposer" daemon [_thread_blocked, id=30215, stack(0x0000700001f4b000,0x000070000204b000)]
  0x00007fc504c65800 JavaThread "firebase-iid-executor" [_thread_blocked, id=3619, stack(0x0000700004058000,0x0000700004158000)]
  0x00007fc504c62800 JavaThread "pool-10-thread-1" [_thread_blocked, id=37143, stack(0x000070000415b000,0x000070000425b000)]
  0x00007fc507447000 JavaThread "GoogleApiHandler" [_thread_blocked, id=36115, stack(0x000070000425e000,0x000070000435e000)]
  0x00007fc5098c6800 JavaThread "FirebaseInstanceId" [_thread_blocked, id=35587, stack(0x0000700004361000,0x0000700004461000)]
  0x00007fc507cdf000 JavaThread "queued-work-looper" [_thread_blocked, id=35079, stack(0x0000700004464000,0x0000700004564000)]
  0x00007fc50ae69800 JavaThread "Measurement Worker" [_thread_in_Java, id=31747, stack(0x0000700004567000,0x0000700004667000)]
  0x00007fc508152800 JavaThread "pool-12-thread-1" [_thread_blocked, id=32259, stack(0x000070000466a000,0x000070000476a000)]
  0x00007fc50a966800 JavaThread "TokenRefresher" [_thread_blocked, id=34051, stack(0x000070000476d000,0x000070000486d000)]
  0x00007fc50aef8000 JavaThread "FirestoreWorker" daemon [_thread_blocked, id=33539, stack(0x0000700004870000,0x0000700004970000)]
  0x00007fc508311000 JavaThread "pool-9-thread-1" [_thread_blocked, id=43523, stack(0x0000700004973000,0x0000700004a73000)]

Other Threads:
  0x00007fc50502a800 VMThread "VM Thread" [stack: 0x00007000025e3000,0x00007000026e3000] [id=13059]
  0x00007fc5048bb000 WatcherThread [stack: 0x0000700002dfb000,0x0000700002efb000] [id=23043]
  0x00007fc504813000 GCTaskThread "GC Thread#0" [stack: 0x00007000020d4000,0x00007000021d4000] [id=11523]
  0x00007fc5050d4000 GCTaskThread "GC Thread#1" [stack: 0x0000700003510000,0x0000700003610000] [id=39939]
  0x00007fc505697800 GCTaskThread "GC Thread#2" [stack: 0x0000700003613000,0x0000700003713000] [id=25603]
  0x00007fc5056b0000 GCTaskThread "GC Thread#3" [stack: 0x0000700003716000,0x0000700003816000] [id=39427]
  0x00007fc5052ba800 GCTaskThread "GC Thread#4" [stack: 0x0000700003819000,0x0000700003919000] [id=26115]
  0x00007fc505469800 GCTaskThread "GC Thread#5" [stack: 0x000070000391c000,0x0000700003a1c000] [id=26627]
  0x00007fc5052e9000 GCTaskThread "GC Thread#6" [stack: 0x0000700003a1f000,0x0000700003b1f000] [id=27139]
  0x00007fc505276800 GCTaskThread "GC Thread#7" [stack: 0x0000700003b22000,0x0000700003c22000] [id=27651]
  0x00007fc50500a000 ConcurrentGCThread "G1 Main Marker" [stack: 0x00007000021d7000,0x00007000022d7000] [id=12035]
  0x00007fc50500b000 ConcurrentGCThread "G1 Conc#0" [stack: 0x00007000022da000,0x00007000023da000] [id=12547]
  0x00007fc508254800 ConcurrentGCThread "G1 Conc#1" [stack: 0x0000700003e52000,0x0000700003f52000] [id=29187]
  0x00007fc5048b3800 ConcurrentGCThread "G1 Refine#0" [stack: 0x00007000023dd000,0x00007000024dd000] [id=19715]
  0x00007fc50a658000 ConcurrentGCThread "G1 Refine#1" [stack: 0x0000700004a76000,0x0000700004b76000] [id=44295]
  0x00007fc5090e2800 ConcurrentGCThread "G1 Refine#2" [stack: 0x0000700004b79000,0x0000700004c79000] [id=44039]
  0x00007fc504f5f000 ConcurrentGCThread "G1 Refine#3" [stack: 0x0000700004c7c000,0x0000700004d7c000] [id=87043]
  0x00007fc506ef6800 ConcurrentGCThread "G1 Refine#4" [stack: 0x0000700004d7f000,0x0000700004e7f000] [id=86787]
  0x00007fc508153800 ConcurrentGCThread "G1 Refine#5" [stack: 0x0000700004e82000,0x0000700004f82000] [id=86275]
  0x00007fc50b021800 ConcurrentGCThread "G1 Refine#6" [stack: 0x0000700004f85000,0x0000700005085000] [id=86019]
  0x00007fc50b01d800 ConcurrentGCThread "G1 Refine#7" [stack: 0x0000700005088000,0x0000700005188000] [id=45827]
  0x00007fc5048b4000 ConcurrentGCThread "G1 Young RemSet Sampling" [stack: 0x00007000024e0000,0x00007000025e0000] [id=19459]

Threads with active compile tasks:
C2 CompilerThread08334 %     4       java.util.Arrays::fill @ 10 (28 bytes)
C1 CompilerThread08318       3       android.view.View$GeneratedProxy/0x0000000800ac8040::requestLayout (8 bytes)
C2 CompilerThread18272       4       android.os.Parcel::writeInt (8 bytes)
C2 CompilerThread27961       4       java.lang.invoke.LambdaFormEditor::addArgumentForm (121 bytes)

VM state:not at safepoint (normal execution)

VM Mutex/Monitor currently owned by a thread: None

Heap address: 0x00000007e0000000, size: 512 MB, Compressed Oops mode: Zero based, Oop shift amount: 3
Narrow klass base: 0x0000000800000000, Narrow klass shift: 0
Compressed class space size: 1073741824 Address: 0x0000000800000000

Heap:
 garbage-first heap   total 289792K, used 285570K [0x00000007e0000000, 0x0000000800000000)
  region size 1024K, 43 young (44032K), 7 survivors (7168K)
 Metaspace       used 82073K, capacity 88454K, committed 90064K, reserved 1126400K
  class space    used 9769K, capacity 12852K, committed 13132K, reserved 1048576K
Heap Regions: E=young(eden), S=young(survivor), O=old, HS=humongous(starts), HC=humongous(continues), CS=collection set, F=free, A=archive, TAMS=top-at-mark-start (previous, next)
|   0|0x00000007e0000000, 0x00000007e0100000, 0x00000007e0100000|100%| O|  |TAMS 0x00000007e0100000, 0x00000007e0000000| Updating 
|   1|0x00000007e0100000, 0x00000007e0200000, 0x00000007e0200000|100%| O|  |TAMS 0x00000007e0200000, 0x00000007e0100000| Updating 
|   2|0x00000007e0200000, 0x00000007e0300000, 0x00000007e0300000|100%| O|  |TAMS 0x00000007e0300000, 0x00000007e0200000| Updating 
|   3|0x00000007e0300000, 0x00000007e0400000, 0x00000007e0400000|100%| O|  |TAMS 0x00000007e0400000, 0x00000007e0300000| Updating 
|   4|0x00000007e0400000, 0x00000007e0500000, 0x00000007e0500000|100%| O|  |TAMS 0x00000007e0500000, 0x00000007e0400000| Updating 
|   5|0x00000007e0500000, 0x00000007e0600000, 0x00000007e0600000|100%| O|  |TAMS 0x00000007e0600000, 0x00000007e0500000| Updating 
|   6|0x00000007e0600000, 0x00000007e0700000, 0x00000007e0700000|100%| O|  |TAMS 0x00000007e0700000, 0x00000007e0600000| Updating 
|   7|0x00000007e0700000, 0x00000007e0800000, 0x00000007e0800000|100%| O|  |TAMS 0x00000007e0800000, 0x00000007e0700000| Updating 
|   8|0x00000007e0800000, 0x00000007e0900000, 0x00000007e0900000|100%|HS|  |TAMS 0x00000007e0900000, 0x00000007e0800000| Complete 
|   9|0x00000007e0900000, 0x00000007e0a00000, 0x00000007e0a00000|100%|HC|  |TAMS 0x00000007e0a00000, 0x00000007e0900000| Complete 
|  10|0x00000007e0a00000, 0x00000007e0b00000, 0x00000007e0b00000|100%|HC|  |TAMS 0x00000007e0b00000, 0x00000007e0a00000| Complete 
|  11|0x00000007e0b00000, 0x00000007e0c00000, 0x00000007e0c00000|100%|HC|  |TAMS 0x00000007e0c00000, 0x00000007e0b00000| Complete 
|  12|0x00000007e0c00000, 0x00000007e0d00000, 0x00000007e0d00000|100%|HC|  |TAMS 0x00000007e0d00000, 0x00000007e0c00000| Complete 
|  13|0x00000007e0d00000, 0x00000007e0e00000, 0x00000007e0e00000|100%|HS|  |TAMS 0x00000007e0e00000, 0x00000007e0d00000| Complete 
|  14|0x00000007e0e00000, 0x00000007e0f00000, 0x00000007e0f00000|100%|HS|  |TAMS 0x00000007e0f00000, 0x00000007e0e00000| Complete 
|  15|0x00000007e0f00000, 0x00000007e1000000, 0x00000007e1000000|100%|HC|  |TAMS 0x00000007e1000000, 0x00000007e0f00000| Complete 
|  16|0x00000007e1000000, 0x00000007e1100000, 0x00000007e1100000|100%|HC|  |TAMS 0x00000007e1100000, 0x00000007e1000000| Complete 
|  17|0x00000007e1100000, 0x00000007e1200000, 0x00000007e1200000|100%|HC|  |TAMS 0x00000007e1200000, 0x00000007e1100000| Complete 
|  18|0x00000007e1200000, 0x00000007e1300000, 0x00000007e1300000|100%|HC|  |TAMS 0x00000007e1300000, 0x00000007e1200000| Complete 
|  19|0x00000007e1300000, 0x00000007e1400000, 0x00000007e1400000|100%|HC|  |TAMS 0x00000007e1400000, 0x00000007e1300000| Complete 
|  20|0x00000007e1400000, 0x00000007e1500000, 0x00000007e1500000|100%|HC|  |TAMS 0x00000007e1500000, 0x00000007e1400000| Complete 
|  21|0x00000007e1500000, 0x00000007e1600000, 0x00000007e1600000|100%|HC|  |TAMS 0x00000007e1600000, 0x00000007e1500000| Complete 
|  22|0x00000007e1600000, 0x00000007e1700000, 0x00000007e1700000|100%|HC|  |TAMS 0x00000007e1700000, 0x00000007e1600000| Complete 
|  23|0x00000007e1700000, 0x00000007e1800000, 0x00000007e1800000|100%|HC|  |TAMS 0x00000007e1800000, 0x00000007e1700000| Complete 
|  24|0x00000007e1800000, 0x00000007e1900000, 0x00000007e1900000|100%|HC|  |TAMS 0x00000007e1900000, 0x00000007e1800000| Complete 
|  25|0x00000007e1900000, 0x00000007e1a00000, 0x00000007e1a00000|100%|HC|  |TAMS 0x00000007e1a00000, 0x00000007e1900000| Complete 
|  26|0x00000007e1a00000, 0x00000007e1b00000, 0x00000007e1b00000|100%|HC|  |TAMS 0x00000007e1b00000, 0x00000007e1a00000| Complete 
|  27|0x00000007e1b00000, 0x00000007e1c00000, 0x00000007e1c00000|100%|HC|  |TAMS 0x00000007e1c00000, 0x00000007e1b00000| Complete 
|  28|0x00000007e1c00000, 0x00000007e1d00000, 0x00000007e1d00000|100%|HC|  |TAMS 0x00000007e1d00000, 0x00000007e1c00000| Complete 
|  29|0x00000007e1d00000, 0x00000007e1e00000, 0x00000007e1e00000|100%|HC|  |TAMS 0x00000007e1e00000, 0x00000007e1d00000| Complete 
|  30|0x00000007e1e00000, 0x00000007e1f00000, 0x00000007e1f00000|100%|HC|  |TAMS 0x00000007e1f00000, 0x00000007e1e00000| Complete 
|  31|0x00000007e1f00000, 0x00000007e2000000, 0x00000007e2000000|100%|HC|  |TAMS 0x00000007e2000000, 0x00000007e1f00000| Complete 
|  32|0x00000007e2000000, 0x00000007e2100000, 0x00000007e2100000|100%|HC|  |TAMS 0x00000007e2100000, 0x00000007e2000000| Complete 
|  33|0x00000007e2100000, 0x00000007e2200000, 0x00000007e2200000|100%|HC|  |TAMS 0x00000007e2200000, 0x00000007e2100000| Complete 
|  34|0x00000007e2200000, 0x00000007e2300000, 0x00000007e2300000|100%|HC|  |TAMS 0x00000007e2300000, 0x00000007e2200000| Complete 
|  35|0x00000007e2300000, 0x00000007e2400000, 0x00000007e2400000|100%|HC|  |TAMS 0x00000007e2400000, 0x00000007e2300000| Complete 
|  36|0x00000007e2400000, 0x00000007e2500000, 0x00000007e2500000|100%|HC|  |TAMS 0x00000007e2500000, 0x00000007e2400000| Complete 
|  37|0x00000007e2500000, 0x00000007e2600000, 0x00000007e2600000|100%|HC|  |TAMS 0x00000007e2600000, 0x00000007e2500000| Complete 
|  38|0x00000007e2600000, 0x00000007e2700000, 0x00000007e2700000|100%|HC|  |TAMS 0x00000007e2700000, 0x00000007e2600000| Complete 
|  39|0x00000007e2700000, 0x00000007e2800000, 0x00000007e2800000|100%|HC|  |TAMS 0x00000007e2800000, 0x00000007e2700000| Complete 
|  40|0x00000007e2800000, 0x00000007e2900000, 0x00000007e2900000|100%|HC|  |TAMS 0x00000007e2900000, 0x00000007e2800000| Complete 
|  41|0x00000007e2900000, 0x00000007e2a00000, 0x00000007e2a00000|100%|HC|  |TAMS 0x00000007e2a00000, 0x00000007e2900000| Complete 
|  42|0x00000007e2a00000, 0x00000007e2b00000, 0x00000007e2b00000|100%| O|  |TAMS 0x00000007e2b00000, 0x00000007e2a00000| Updating 
|  43|0x00000007e2b00000, 0x00000007e2c00000, 0x00000007e2c00000|100%| O|  |TAMS 0x00000007e2c00000, 0x00000007e2b00000| Updating 
|  44|0x00000007e2c00000, 0x00000007e2d00000, 0x00000007e2d00000|100%| O|  |TAMS 0x00000007e2d00000, 0x00000007e2c00000| Updating 
|  45|0x00000007e2d00000, 0x00000007e2e00000, 0x00000007e2e00000|100%| O|  |TAMS 0x00000007e2e00000, 0x00000007e2d00000| Updating 
|  46|0x00000007e2e00000, 0x00000007e2f00000, 0x00000007e2f00000|100%| O|  |TAMS 0x00000007e2f00000, 0x00000007e2e00000| Updating 
|  47|0x00000007e2f00000, 0x00000007e3000000, 0x00000007e3000000|100%| O|  |TAMS 0x00000007e3000000, 0x00000007e2f00000| Updating 
|  48|0x00000007e3000000, 0x00000007e3100000, 0x00000007e3100000|100%| O|  |TAMS 0x00000007e3100000, 0x00000007e3000000| Updating 
|  49|0x00000007e3100000, 0x00000007e3200000, 0x00000007e3200000|100%| O|  |TAMS 0x00000007e3200000, 0x00000007e3100000| Updating 
|  50|0x00000007e3200000, 0x00000007e3300000, 0x00000007e3300000|100%| O|  |TAMS 0x00000007e3300000, 0x00000007e3200000| Updating 
|  51|0x00000007e3300000, 0x00000007e3400000, 0x00000007e3400000|100%| O|  |TAMS 0x00000007e3400000, 0x00000007e3300000| Updating 
|  52|0x00000007e3400000, 0x00000007e3500000, 0x00000007e3500000|100%| O|  |TAMS 0x00000007e3500000, 0x00000007e3400000| Updating 
|  53|0x00000007e3500000, 0x00000007e3600000, 0x00000007e3600000|100%| O|  |TAMS 0x00000007e3600000, 0x00000007e3500000| Updating 
|  54|0x00000007e3600000, 0x00000007e3700000, 0x00000007e3700000|100%| O|  |TAMS 0x00000007e3700000, 0x00000007e3600000| Updating 
|  55|0x00000007e3700000, 0x00000007e3800000, 0x00000007e3800000|100%| O|  |TAMS 0x00000007e3800000, 0x00000007e3700000| Updating 
|  56|0x00000007e3800000, 0x00000007e3900000, 0x00000007e3900000|100%| O|  |TAMS 0x00000007e3900000, 0x00000007e3800000| Updating 
|  57|0x00000007e3900000, 0x00000007e3a00000, 0x00000007e3a00000|100%| O|  |TAMS 0x00000007e3a00000, 0x00000007e3900000| Updating 
|  58|0x00000007e3a00000, 0x00000007e3b00000, 0x00000007e3b00000|100%| O|  |TAMS 0x00000007e3b00000, 0x00000007e3a00000| Updating 
|  59|0x00000007e3b00000, 0x00000007e3c00000, 0x00000007e3c00000|100%| O|  |TAMS 0x00000007e3c00000, 0x00000007e3b00000| Updating 
|  60|0x00000007e3c00000, 0x00000007e3d00000, 0x00000007e3d00000|100%| O|  |TAMS 0x00000007e3d00000, 0x00000007e3c00000| Updating 
|  61|0x00000007e3d00000, 0x00000007e3e00000, 0x00000007e3e00000|100%| O|  |TAMS 0x00000007e3e00000, 0x00000007e3d00000| Updating 
|  62|0x00000007e3e00000, 0x00000007e3f00000, 0x00000007e3f00000|100%| O|  |TAMS 0x00000007e3f00000, 0x00000007e3e00000| Updating 
|  63|0x00000007e3f00000, 0x00000007e4000000, 0x00000007e4000000|100%| O|  |TAMS 0x00000007e4000000, 0x00000007e3f00000| Updating 
|  64|0x00000007e4000000, 0x00000007e4100000, 0x00000007e4100000|100%| O|  |TAMS 0x00000007e4100000, 0x00000007e4000000| Updating 
|  65|0x00000007e4100000, 0x00000007e4200000, 0x00000007e4200000|100%| O|  |TAMS 0x00000007e4200000, 0x00000007e4100000| Updating 
|  66|0x00000007e4200000, 0x00000007e4300000, 0x00000007e4300000|100%| O|  |TAMS 0x00000007e4300000, 0x00000007e4200000| Updating 
|  67|0x00000007e4300000, 0x00000007e4400000, 0x00000007e4400000|100%| O|  |TAMS 0x00000007e4400000, 0x00000007e4300000| Updating 
|  68|0x00000007e4400000, 0x00000007e4500000, 0x00000007e4500000|100%| O|  |TAMS 0x00000007e4500000, 0x00000007e4400000| Updating 
|  69|0x00000007e4500000, 0x00000007e4600000, 0x00000007e4600000|100%| O|  |TAMS 0x00000007e4600000, 0x00000007e4500000| Updating 
|  70|0x00000007e4600000, 0x00000007e4700000, 0x00000007e4700000|100%| O|  |TAMS 0x00000007e4700000, 0x00000007e4600000| Updating 
|  71|0x00000007e4700000, 0x00000007e4800000, 0x00000007e4800000|100%| O|  |TAMS 0x00000007e4800000, 0x00000007e4700000| Updating 
|  72|0x00000007e4800000, 0x00000007e4900000, 0x00000007e4900000|100%| O|  |TAMS 0x00000007e4900000, 0x00000007e4800000| Updating 
|  73|0x00000007e4900000, 0x00000007e4a00000, 0x00000007e4a00000|100%| O|  |TAMS 0x00000007e4a00000, 0x00000007e4900000| Updating 
|  74|0x00000007e4a00000, 0x00000007e4b00000, 0x00000007e4b00000|100%| O|  |TAMS 0x00000007e4b00000, 0x00000007e4a00000| Updating 
|  75|0x00000007e4b00000, 0x00000007e4c00000, 0x00000007e4c00000|100%| O|  |TAMS 0x00000007e4c00000, 0x00000007e4b00000| Updating 
|  76|0x00000007e4c00000, 0x00000007e4d00000, 0x00000007e4d00000|100%| O|  |TAMS 0x00000007e4d00000, 0x00000007e4c00000| Updating 
|  77|0x00000007e4d00000, 0x00000007e4e00000, 0x00000007e4e00000|100%| O|  |TAMS 0x00000007e4e00000, 0x00000007e4d00000| Updating 
|  78|0x00000007e4e00000, 0x00000007e4f00000, 0x00000007e4f00000|100%| O|  |TAMS 0x00000007e4f00000, 0x00000007e4e00000| Updating 
|  79|0x00000007e4f00000, 0x00000007e5000000, 0x00000007e5000000|100%| O|  |TAMS 0x00000007e5000000, 0x00000007e4f00000| Updating 
|  80|0x00000007e5000000, 0x00000007e5100000, 0x00000007e5100000|100%| O|  |TAMS 0x00000007e5100000, 0x00000007e5000000| Updating 
|  81|0x00000007e5100000, 0x00000007e5200000, 0x00000007e5200000|100%| O|  |TAMS 0x00000007e5200000, 0x00000007e5100000| Updating 
|  82|0x00000007e5200000, 0x00000007e5300000, 0x00000007e5300000|100%| O|  |TAMS 0x00000007e5300000, 0x00000007e5200000| Updating 
|  83|0x00000007e5300000, 0x00000007e5400000, 0x00000007e5400000|100%| O|  |TAMS 0x00000007e5400000, 0x00000007e5300000| Updating 
|  84|0x00000007e5400000, 0x00000007e5500000, 0x00000007e5500000|100%| O|  |TAMS 0x00000007e5500000, 0x00000007e5400000| Updating 
|  85|0x00000007e5500000, 0x00000007e5600000, 0x00000007e5600000|100%| O|  |TAMS 0x00000007e5600000, 0x00000007e5500000| Updating 
|  86|0x00000007e5600000, 0x00000007e5700000, 0x00000007e5700000|100%| O|  |TAMS 0x00000007e5700000, 0x00000007e5600000| Updating 
|  87|0x00000007e5700000, 0x00000007e5800000, 0x00000007e5800000|100%| O|  |TAMS 0x00000007e5800000, 0x00000007e5700000| Updating 
|  88|0x00000007e5800000, 0x00000007e5900000, 0x00000007e5900000|100%| O|  |TAMS 0x00000007e5900000, 0x00000007e5800000| Updating 
|  89|0x00000007e5900000, 0x00000007e5a00000, 0x00000007e5a00000|100%| O|  |TAMS 0x00000007e5a00000, 0x00000007e5900000| Updating 
|  90|0x00000007e5a00000, 0x00000007e5b00000, 0x00000007e5b00000|100%| O|  |TAMS 0x00000007e5b00000, 0x00000007e5a00000| Updating 
|  91|0x00000007e5b00000, 0x00000007e5c00000, 0x00000007e5c00000|100%| O|  |TAMS 0x00000007e5c00000, 0x00000007e5b00000| Updating 
|  92|0x00000007e5c00000, 0x00000007e5d00000, 0x00000007e5d00000|100%| O|  |TAMS 0x00000007e5d00000, 0x00000007e5c00000| Updating 
|  93|0x00000007e5d00000, 0x00000007e5d86c00, 0x00000007e5e00000| 52%| O|  |TAMS 0x00000007e5d86c00, 0x00000007e5d00000| Updating 
|  94|0x00000007e5e00000, 0x00000007e5f00000, 0x00000007e5f00000|100%|HS|  |TAMS 0x00000007e5e00000, 0x00000007e5e00000| Complete 
|  95|0x00000007e5f00000, 0x00000007e6000000, 0x00000007e6000000|100%|HC|  |TAMS 0x00000007e5f00000, 0x00000007e5f00000| Complete 
|  96|0x00000007e6000000, 0x00000007e6100000, 0x00000007e6100000|100%|HC|  |TAMS 0x00000007e6000000, 0x00000007e6000000| Complete 
|  97|0x00000007e6100000, 0x00000007e6200000, 0x00000007e6200000|100%|HC|  |TAMS 0x00000007e6100000, 0x00000007e6100000| Complete 
|  98|0x00000007e6200000, 0x00000007e6300000, 0x00000007e6300000|100%|HC|  |TAMS 0x00000007e6200000, 0x00000007e6200000| Complete 
|  99|0x00000007e6300000, 0x00000007e6400000, 0x00000007e6400000|100%|HC|  |TAMS 0x00000007e6300000, 0x00000007e6300000| Complete 
| 100|0x00000007e6400000, 0x00000007e6500000, 0x00000007e6500000|100%|HC|  |TAMS 0x00000007e6400000, 0x00000007e6400000| Complete 
| 101|0x00000007e6500000, 0x00000007e6600000, 0x00000007e6600000|100%|HC|  |TAMS 0x00000007e6500000, 0x00000007e6500000| Complete 
| 102|0x00000007e6600000, 0x00000007e6700000, 0x00000007e6700000|100%|HC|  |TAMS 0x00000007e6600000, 0x00000007e6600000| Complete 
| 103|0x00000007e6700000, 0x00000007e6800000, 0x00000007e6800000|100%|HS|  |TAMS 0x00000007e6700000, 0x00000007e6700000| Complete 
| 104|0x00000007e6800000, 0x00000007e6900000, 0x00000007e6900000|100%|HC|  |TAMS 0x00000007e6800000, 0x00000007e6800000| Complete 
| 105|0x00000007e6900000, 0x00000007e6a00000, 0x00000007e6a00000|100%|HC|  |TAMS 0x00000007e6900000, 0x00000007e6900000| Complete 
| 106|0x00000007e6a00000, 0x00000007e6b00000, 0x00000007e6b00000|100%|HC|  |TAMS 0x00000007e6a00000, 0x00000007e6a00000| Complete 
| 107|0x00000007e6b00000, 0x00000007e6c00000, 0x00000007e6c00000|100%|HC|  |TAMS 0x00000007e6b00000, 0x00000007e6b00000| Complete 
| 108|0x00000007e6c00000, 0x00000007e6d00000, 0x00000007e6d00000|100%|HC|  |TAMS 0x00000007e6c00000, 0x00000007e6c00000| Complete 
| 109|0x00000007e6d00000, 0x00000007e6e00000, 0x00000007e6e00000|100%|HC|  |TAMS 0x00000007e6d00000, 0x00000007e6d00000| Complete 
| 110|0x00000007e6e00000, 0x00000007e6f00000, 0x00000007e6f00000|100%|HC|  |TAMS 0x00000007e6e00000, 0x00000007e6e00000| Complete 
| 111|0x00000007e6f00000, 0x00000007e7000000, 0x00000007e7000000|100%|HC|  |TAMS 0x00000007e6f00000, 0x00000007e6f00000| Complete 
| 112|0x00000007e7000000, 0x00000007e7100000, 0x00000007e7100000|100%|HS|  |TAMS 0x00000007e7000000, 0x00000007e7000000| Complete 
| 113|0x00000007e7100000, 0x00000007e7200000, 0x00000007e7200000|100%|HC|  |TAMS 0x00000007e7100000, 0x00000007e7100000| Complete 
| 114|0x00000007e7200000, 0x00000007e7300000, 0x00000007e7300000|100%|HC|  |TAMS 0x00000007e7200000, 0x00000007e7200000| Complete 
| 115|0x00000007e7300000, 0x00000007e7400000, 0x00000007e7400000|100%|HC|  |TAMS 0x00000007e7300000, 0x00000007e7300000| Complete 
| 116|0x00000007e7400000, 0x00000007e7500000, 0x00000007e7500000|100%|HC|  |TAMS 0x00000007e7400000, 0x00000007e7400000| Complete 
| 117|0x00000007e7500000, 0x00000007e7600000, 0x00000007e7600000|100%|HC|  |TAMS 0x00000007e7500000, 0x00000007e7500000| Complete 
| 118|0x00000007e7600000, 0x00000007e7700000, 0x00000007e7700000|100%|HC|  |TAMS 0x00000007e7600000, 0x00000007e7600000| Complete 
| 119|0x00000007e7700000, 0x00000007e7800000, 0x00000007e7800000|100%|HC|  |TAMS 0x00000007e7700000, 0x00000007e7700000| Complete 
| 120|0x00000007e7800000, 0x00000007e7900000, 0x00000007e7900000|100%|HC|  |TAMS 0x00000007e7800000, 0x00000007e7800000| Complete 
| 121|0x00000007e7900000, 0x00000007e7a00000, 0x00000007e7a00000|100%|HS|  |TAMS 0x00000007e7900000, 0x00000007e7900000| Complete 
| 122|0x00000007e7a00000, 0x00000007e7b00000, 0x00000007e7b00000|100%|HC|  |TAMS 0x00000007e7a00000, 0x00000007e7a00000| Complete 
| 123|0x00000007e7b00000, 0x00000007e7c00000, 0x00000007e7c00000|100%|HC|  |TAMS 0x00000007e7b00000, 0x00000007e7b00000| Complete 
| 124|0x00000007e7c00000, 0x00000007e7d00000, 0x00000007e7d00000|100%|HC|  |TAMS 0x00000007e7c00000, 0x00000007e7c00000| Complete 
| 125|0x00000007e7d00000, 0x00000007e7e00000, 0x00000007e7e00000|100%|HC|  |TAMS 0x00000007e7d00000, 0x00000007e7d00000| Complete 
| 126|0x00000007e7e00000, 0x00000007e7f00000, 0x00000007e7f00000|100%|HC|  |TAMS 0x00000007e7e00000, 0x00000007e7e00000| Complete 
| 127|0x00000007e7f00000, 0x00000007e8000000, 0x00000007e8000000|100%|HC|  |TAMS 0x00000007e7f00000, 0x00000007e7f00000| Complete 
| 128|0x00000007e8000000, 0x00000007e8100000, 0x00000007e8100000|100%|HC|  |TAMS 0x00000007e8000000, 0x00000007e8000000| Complete 
| 129|0x00000007e8100000, 0x00000007e8200000, 0x00000007e8200000|100%|HC|  |TAMS 0x00000007e8100000, 0x00000007e8100000| Complete 
| 130|0x00000007e8200000, 0x00000007e8300000, 0x00000007e8300000|100%|HS|  |TAMS 0x00000007e8200000, 0x00000007e8200000| Complete 
| 131|0x00000007e8300000, 0x00000007e8400000, 0x00000007e8400000|100%|HC|  |TAMS 0x00000007e8300000, 0x00000007e8300000| Complete 
| 132|0x00000007e8400000, 0x00000007e8500000, 0x00000007e8500000|100%|HC|  |TAMS 0x00000007e8400000, 0x00000007e8400000| Complete 
| 133|0x00000007e8500000, 0x00000007e8600000, 0x00000007e8600000|100%|HC|  |TAMS 0x00000007e8500000, 0x00000007e8500000| Complete 
| 134|0x00000007e8600000, 0x00000007e8700000, 0x00000007e8700000|100%|HC|  |TAMS 0x00000007e8600000, 0x00000007e8600000| Complete 
| 135|0x00000007e8700000, 0x00000007e8800000, 0x00000007e8800000|100%|HC|  |TAMS 0x00000007e8700000, 0x00000007e8700000| Complete 
| 136|0x00000007e8800000, 0x00000007e8900000, 0x00000007e8900000|100%|HC|  |TAMS 0x00000007e8800000, 0x00000007e8800000| Complete 
| 137|0x00000007e8900000, 0x00000007e8a00000, 0x00000007e8a00000|100%|HC|  |TAMS 0x00000007e8900000, 0x00000007e8900000| Complete 
| 138|0x00000007e8a00000, 0x00000007e8b00000, 0x00000007e8b00000|100%|HC|  |TAMS 0x00000007e8a00000, 0x00000007e8a00000| Complete 
| 139|0x00000007e8b00000, 0x00000007e8c00000, 0x00000007e8c00000|100%|HS|  |TAMS 0x00000007e8b00000, 0x00000007e8b00000| Complete 
| 140|0x00000007e8c00000, 0x00000007e8d00000, 0x00000007e8d00000|100%|HC|  |TAMS 0x00000007e8c00000, 0x00000007e8c00000| Complete 
| 141|0x00000007e8d00000, 0x00000007e8e00000, 0x00000007e8e00000|100%|HC|  |TAMS 0x00000007e8d00000, 0x00000007e8d00000| Complete 
| 142|0x00000007e8e00000, 0x00000007e8f00000, 0x00000007e8f00000|100%|HC|  |TAMS 0x00000007e8e00000, 0x00000007e8e00000| Complete 
| 143|0x00000007e8f00000, 0x00000007e9000000, 0x00000007e9000000|100%|HC|  |TAMS 0x00000007e8f00000, 0x00000007e8f00000| Complete 
| 144|0x00000007e9000000, 0x00000007e9100000, 0x00000007e9100000|100%|HC|  |TAMS 0x00000007e9000000, 0x00000007e9000000| Complete 
| 145|0x00000007e9100000, 0x00000007e9200000, 0x00000007e9200000|100%|HC|  |TAMS 0x00000007e9100000, 0x00000007e9100000| Complete 
| 146|0x00000007e9200000, 0x00000007e9300000, 0x00000007e9300000|100%|HC|  |TAMS 0x00000007e9200000, 0x00000007e9200000| Complete 
| 147|0x00000007e9300000, 0x00000007e9400000, 0x00000007e9400000|100%|HC|  |TAMS 0x00000007e9300000, 0x00000007e9300000| Complete 
| 148|0x00000007e9400000, 0x00000007e9500000, 0x00000007e9500000|100%|HS|  |TAMS 0x00000007e9400000, 0x00000007e9400000| Complete 
| 149|0x00000007e9500000, 0x00000007e9600000, 0x00000007e9600000|100%|HC|  |TAMS 0x00000007e9500000, 0x00000007e9500000| Complete 
| 150|0x00000007e9600000, 0x00000007e9700000, 0x00000007e9700000|100%|HC|  |TAMS 0x00000007e9600000, 0x00000007e9600000| Complete 
| 151|0x00000007e9700000, 0x00000007e9800000, 0x00000007e9800000|100%|HC|  |TAMS 0x00000007e9700000, 0x00000007e9700000| Complete 
| 152|0x00000007e9800000, 0x00000007e9900000, 0x00000007e9900000|100%|HC|  |TAMS 0x00000007e9800000, 0x00000007e9800000| Complete 
| 153|0x00000007e9900000, 0x00000007e9a00000, 0x00000007e9a00000|100%|HC|  |TAMS 0x00000007e9900000, 0x00000007e9900000| Complete 
| 154|0x00000007e9a00000, 0x00000007e9b00000, 0x00000007e9b00000|100%|HC|  |TAMS 0x00000007e9a00000, 0x00000007e9a00000| Complete 
| 155|0x00000007e9b00000, 0x00000007e9c00000, 0x00000007e9c00000|100%|HC|  |TAMS 0x00000007e9b00000, 0x00000007e9b00000| Complete 
| 156|0x00000007e9c00000, 0x00000007e9d00000, 0x00000007e9d00000|100%|HC|  |TAMS 0x00000007e9c00000, 0x00000007e9c00000| Complete 
| 157|0x00000007e9d00000, 0x00000007e9e00000, 0x00000007e9e00000|100%|HS|  |TAMS 0x00000007e9d00000, 0x00000007e9d00000| Complete 
| 158|0x00000007e9e00000, 0x00000007e9f00000, 0x00000007e9f00000|100%|HC|  |TAMS 0x00000007e9e00000, 0x00000007e9e00000| Complete 
| 159|0x00000007e9f00000, 0x00000007ea000000, 0x00000007ea000000|100%|HC|  |TAMS 0x00000007e9f00000, 0x00000007e9f00000| Complete 
| 160|0x00000007ea000000, 0x00000007ea100000, 0x00000007ea100000|100%|HC|  |TAMS 0x00000007ea000000, 0x00000007ea000000| Complete 
| 161|0x00000007ea100000, 0x00000007ea200000, 0x00000007ea200000|100%|HC|  |TAMS 0x00000007ea100000, 0x00000007ea100000| Complete 
| 162|0x00000007ea200000, 0x00000007ea300000, 0x00000007ea300000|100%|HC|  |TAMS 0x00000007ea200000, 0x00000007ea200000| Complete 
| 163|0x00000007ea300000, 0x00000007ea400000, 0x00000007ea400000|100%|HC|  |TAMS 0x00000007ea300000, 0x00000007ea300000| Complete 
| 164|0x00000007ea400000, 0x00000007ea500000, 0x00000007ea500000|100%|HC|  |TAMS 0x00000007ea400000, 0x00000007ea400000| Complete 
| 165|0x00000007ea500000, 0x00000007ea600000, 0x00000007ea600000|100%|HC|  |TAMS 0x00000007ea500000, 0x00000007ea500000| Complete 
| 166|0x00000007ea600000, 0x00000007ea700000, 0x00000007ea700000|100%|HS|  |TAMS 0x00000007ea600000, 0x00000007ea600000| Complete 
| 167|0x00000007ea700000, 0x00000007ea800000, 0x00000007ea800000|100%|HC|  |TAMS 0x00000007ea700000, 0x00000007ea700000| Complete 
| 168|0x00000007ea800000, 0x00000007ea900000, 0x00000007ea900000|100%|HC|  |TAMS 0x00000007ea800000, 0x00000007ea800000| Complete 
| 169|0x00000007ea900000, 0x00000007eaa00000, 0x00000007eaa00000|100%|HC|  |TAMS 0x00000007ea900000, 0x00000007ea900000| Complete 
| 170|0x00000007eaa00000, 0x00000007eab00000, 0x00000007eab00000|100%|HC|  |TAMS 0x00000007eaa00000, 0x00000007eaa00000| Complete 
| 171|0x00000007eab00000, 0x00000007eac00000, 0x00000007eac00000|100%|HC|  |TAMS 0x00000007eab00000, 0x00000007eab00000| Complete 
| 172|0x00000007eac00000, 0x00000007ead00000, 0x00000007ead00000|100%|HC|  |TAMS 0x00000007eac00000, 0x00000007eac00000| Complete 
| 173|0x00000007ead00000, 0x00000007eae00000, 0x00000007eae00000|100%|HC|  |TAMS 0x00000007ead00000, 0x00000007ead00000| Complete 
| 174|0x00000007eae00000, 0x00000007eaf00000, 0x00000007eaf00000|100%|HC|  |TAMS 0x00000007eae00000, 0x00000007eae00000| Complete 
| 175|0x00000007eaf00000, 0x00000007eb000000, 0x00000007eb000000|100%|HS|  |TAMS 0x00000007eaf00000, 0x00000007eaf00000| Complete 
| 176|0x00000007eb000000, 0x00000007eb100000, 0x00000007eb100000|100%|HC|  |TAMS 0x00000007eb000000, 0x00000007eb000000| Complete 
| 177|0x00000007eb100000, 0x00000007eb200000, 0x00000007eb200000|100%|HC|  |TAMS 0x00000007eb100000, 0x00000007eb100000| Complete 
| 178|0x00000007eb200000, 0x00000007eb300000, 0x00000007eb300000|100%|HC|  |TAMS 0x00000007eb200000, 0x00000007eb200000| Complete 
| 179|0x00000007eb300000, 0x00000007eb400000, 0x00000007eb400000|100%|HC|  |TAMS 0x00000007eb300000, 0x00000007eb300000| Complete 
| 180|0x00000007eb400000, 0x00000007eb500000, 0x00000007eb500000|100%|HC|  |TAMS 0x00000007eb400000, 0x00000007eb400000| Complete 
| 181|0x00000007eb500000, 0x00000007eb600000, 0x00000007eb600000|100%|HC|  |TAMS 0x00000007eb500000, 0x00000007eb500000| Complete 
| 182|0x00000007eb600000, 0x00000007eb700000, 0x00000007eb700000|100%|HC|  |TAMS 0x00000007eb600000, 0x00000007eb600000| Complete 
| 183|0x00000007eb700000, 0x00000007eb800000, 0x00000007eb800000|100%|HC|  |TAMS 0x00000007eb700000, 0x00000007eb700000| Complete 
| 184|0x00000007eb800000, 0x00000007eb900000, 0x00000007eb900000|100%|HS|  |TAMS 0x00000007eb800000, 0x00000007eb800000| Complete 
| 185|0x00000007eb900000, 0x00000007eba00000, 0x00000007eba00000|100%|HC|  |TAMS 0x00000007eb900000, 0x00000007eb900000| Complete 
| 186|0x00000007eba00000, 0x00000007ebb00000, 0x00000007ebb00000|100%|HC|  |TAMS 0x00000007eba00000, 0x00000007eba00000| Complete 
| 187|0x00000007ebb00000, 0x00000007ebc00000, 0x00000007ebc00000|100%|HC|  |TAMS 0x00000007ebb00000, 0x00000007ebb00000| Complete 
| 188|0x00000007ebc00000, 0x00000007ebd00000, 0x00000007ebd00000|100%|HC|  |TAMS 0x00000007ebc00000, 0x00000007ebc00000| Complete 
| 189|0x00000007ebd00000, 0x00000007ebe00000, 0x00000007ebe00000|100%|HC|  |TAMS 0x00000007ebd00000, 0x00000007ebd00000| Complete 
| 190|0x00000007ebe00000, 0x00000007ebf00000, 0x00000007ebf00000|100%|HC|  |TAMS 0x00000007ebe00000, 0x00000007ebe00000| Complete 
| 191|0x00000007ebf00000, 0x00000007ec000000, 0x00000007ec000000|100%|HC|  |TAMS 0x00000007ebf00000, 0x00000007ebf00000| Complete 
| 192|0x00000007ec000000, 0x00000007ec100000, 0x00000007ec100000|100%|HC|  |TAMS 0x00000007ec000000, 0x00000007ec000000| Complete 
| 193|0x00000007ec100000, 0x00000007ec200000, 0x00000007ec200000|100%|HS|  |TAMS 0x00000007ec100000, 0x00000007ec100000| Complete 
| 194|0x00000007ec200000, 0x00000007ec300000, 0x00000007ec300000|100%|HC|  |TAMS 0x00000007ec200000, 0x00000007ec200000| Complete 
| 195|0x00000007ec300000, 0x00000007ec400000, 0x00000007ec400000|100%|HC|  |TAMS 0x00000007ec300000, 0x00000007ec300000| Complete 
| 196|0x00000007ec400000, 0x00000007ec500000, 0x00000007ec500000|100%|HC|  |TAMS 0x00000007ec400000, 0x00000007ec400000| Complete 
| 197|0x00000007ec500000, 0x00000007ec600000, 0x00000007ec600000|100%|HC|  |TAMS 0x00000007ec500000, 0x00000007ec500000| Complete 
| 198|0x00000007ec600000, 0x00000007ec700000, 0x00000007ec700000|100%|HC|  |TAMS 0x00000007ec600000, 0x00000007ec600000| Complete 
| 199|0x00000007ec700000, 0x00000007ec800000, 0x00000007ec800000|100%|HC|  |TAMS 0x00000007ec700000, 0x00000007ec700000| Complete 
| 200|0x00000007ec800000, 0x00000007ec900000, 0x00000007ec900000|100%|HC|  |TAMS 0x00000007ec800000, 0x00000007ec800000| Complete 
| 201|0x00000007ec900000, 0x00000007eca00000, 0x00000007eca00000|100%|HC|  |TAMS 0x00000007ec900000, 0x00000007ec900000| Complete 
| 202|0x00000007eca00000, 0x00000007eca00000, 0x00000007ecb00000|  0%| F|  |TAMS 0x00000007eca00000, 0x00000007eca00000| Untracked 
| 203|0x00000007ecb00000, 0x00000007ecb00000, 0x00000007ecc00000|  0%| F|  |TAMS 0x00000007ecb00000, 0x00000007ecb00000| Untracked 
| 204|0x00000007ecc00000, 0x00000007ecc4cb90, 0x00000007ecd00000| 29%| E|  |TAMS 0x00000007ecc00000, 0x00000007ecc00000| Complete 
| 205|0x00000007ecd00000, 0x00000007ece00000, 0x00000007ece00000|100%| E|CS|TAMS 0x00000007ecd00000, 0x00000007ecd00000| Complete 
| 206|0x00000007ece00000, 0x00000007ece59f18, 0x00000007ecf00000| 35%| S|CS|TAMS 0x00000007ece00000, 0x00000007ece00000| Complete 
| 207|0x00000007ecf00000, 0x00000007ed000000, 0x00000007ed000000|100%| S|CS|TAMS 0x00000007ecf00000, 0x00000007ecf00000| Complete 
| 208|0x00000007ed000000, 0x00000007ed100000, 0x00000007ed100000|100%| S|CS|TAMS 0x00000007ed000000, 0x00000007ed000000| Complete 
| 209|0x00000007ed100000, 0x00000007ed200000, 0x00000007ed200000|100%| S|CS|TAMS 0x00000007ed100000, 0x00000007ed100000| Complete 
| 210|0x00000007ed200000, 0x00000007ed300000, 0x00000007ed300000|100%| S|CS|TAMS 0x00000007ed200000, 0x00000007ed200000| Complete 
| 211|0x00000007ed300000, 0x00000007ed400000, 0x00000007ed400000|100%| S|CS|TAMS 0x00000007ed300000, 0x00000007ed300000| Complete 
| 212|0x00000007ed400000, 0x00000007ed500000, 0x00000007ed500000|100%| S|CS|TAMS 0x00000007ed400000, 0x00000007ed400000| Complete 
| 213|0x00000007ed500000, 0x00000007ed600000, 0x00000007ed600000|100%|HS|  |TAMS 0x00000007ed500000, 0x00000007ed500000| Complete 
| 214|0x00000007ed600000, 0x00000007ed700000, 0x00000007ed700000|100%|HC|  |TAMS 0x00000007ed600000, 0x00000007ed600000| Complete 
| 215|0x00000007ed700000, 0x00000007ed800000, 0x00000007ed800000|100%|HC|  |TAMS 0x00000007ed700000, 0x00000007ed700000| Complete 
| 216|0x00000007ed800000, 0x00000007ed900000, 0x00000007ed900000|100%|HC|  |TAMS 0x00000007ed800000, 0x00000007ed800000| Complete 
| 217|0x00000007ed900000, 0x00000007eda00000, 0x00000007eda00000|100%|HC|  |TAMS 0x00000007ed900000, 0x00000007ed900000| Complete 
| 218|0x00000007eda00000, 0x00000007edb00000, 0x00000007edb00000|100%|HC|  |TAMS 0x00000007eda00000, 0x00000007eda00000| Complete 
| 219|0x00000007edb00000, 0x00000007edc00000, 0x00000007edc00000|100%|HC|  |TAMS 0x00000007edb00000, 0x00000007edb00000| Complete 
| 220|0x00000007edc00000, 0x00000007edd00000, 0x00000007edd00000|100%|HC|  |TAMS 0x00000007edc00000, 0x00000007edc00000| Complete 
| 221|0x00000007edd00000, 0x00000007ede00000, 0x00000007ede00000|100%|HC|  |TAMS 0x00000007edd00000, 0x00000007edd00000| Complete 
| 222|0x00000007ede00000, 0x00000007edf00000, 0x00000007edf00000|100%| E|CS|TAMS 0x00000007ede00000, 0x00000007ede00000| Complete 
| 223|0x00000007edf00000, 0x00000007ee000000, 0x00000007ee000000|100%| E|CS|TAMS 0x00000007edf00000, 0x00000007edf00000| Complete 
| 224|0x00000007ee000000, 0x00000007ee100000, 0x00000007ee100000|100%| E|CS|TAMS 0x00000007ee000000, 0x00000007ee000000| Complete 
| 225|0x00000007ee100000, 0x00000007ee200000, 0x00000007ee200000|100%| E|CS|TAMS 0x00000007ee100000, 0x00000007ee100000| Complete 
| 226|0x00000007ee200000, 0x00000007ee300000, 0x00000007ee300000|100%| E|CS|TAMS 0x00000007ee200000, 0x00000007ee200000| Complete 
| 227|0x00000007ee300000, 0x00000007ee400000, 0x00000007ee400000|100%| E|CS|TAMS 0x00000007ee300000, 0x00000007ee300000| Complete 
| 228|0x00000007ee400000, 0x00000007ee500000, 0x00000007ee500000|100%| E|CS|TAMS 0x00000007ee400000, 0x00000007ee400000| Complete 
| 229|0x00000007ee500000, 0x00000007ee600000, 0x00000007ee600000|100%| E|CS|TAMS 0x00000007ee500000, 0x00000007ee500000| Complete 
| 230|0x00000007ee600000, 0x00000007ee700000, 0x00000007ee700000|100%| E|CS|TAMS 0x00000007ee600000, 0x00000007ee600000| Complete 
| 231|0x00000007ee700000, 0x00000007ee800000, 0x00000007ee800000|100%| E|CS|TAMS 0x00000007ee700000, 0x00000007ee700000| Complete 
| 232|0x00000007ee800000, 0x00000007ee900000, 0x00000007ee900000|100%| E|CS|TAMS 0x00000007ee800000, 0x00000007ee800000| Complete 
| 233|0x00000007ee900000, 0x00000007eea00000, 0x00000007eea00000|100%| E|CS|TAMS 0x00000007ee900000, 0x00000007ee900000| Complete 
| 234|0x00000007eea00000, 0x00000007eeb00000, 0x00000007eeb00000|100%| E|CS|TAMS 0x00000007eea00000, 0x00000007eea00000| Complete 
| 235|0x00000007eeb00000, 0x00000007eec00000, 0x00000007eec00000|100%| E|CS|TAMS 0x00000007eeb00000, 0x00000007eeb00000| Complete 
| 236|0x00000007eec00000, 0x00000007eed00000, 0x00000007eed00000|100%| E|CS|TAMS 0x00000007eec00000, 0x00000007eec00000| Complete 
| 237|0x00000007eed00000, 0x00000007eee00000, 0x00000007eee00000|100%| E|CS|TAMS 0x00000007eed00000, 0x00000007eed00000| Complete 
| 238|0x00000007eee00000, 0x00000007eef00000, 0x00000007eef00000|100%| E|CS|TAMS 0x00000007eee00000, 0x00000007eee00000| Complete 
| 239|0x00000007eef00000, 0x00000007ef000000, 0x00000007ef000000|100%| E|CS|TAMS 0x00000007eef00000, 0x00000007eef00000| Complete 
| 240|0x00000007ef000000, 0x00000007ef100000, 0x00000007ef100000|100%| E|CS|TAMS 0x00000007ef000000, 0x00000007ef000000| Complete 
| 241|0x00000007ef100000, 0x00000007ef200000, 0x00000007ef200000|100%| E|CS|TAMS 0x00000007ef100000, 0x00000007ef100000| Complete 
| 242|0x00000007ef200000, 0x00000007ef300000, 0x00000007ef300000|100%| E|CS|TAMS 0x00000007ef200000, 0x00000007ef200000| Complete 
| 243|0x00000007ef300000, 0x00000007ef400000, 0x00000007ef400000|100%| E|CS|TAMS 0x00000007ef300000, 0x00000007ef300000| Complete 
| 244|0x00000007ef400000, 0x00000007ef500000, 0x00000007ef500000|100%| E|CS|TAMS 0x00000007ef400000, 0x00000007ef400000| Complete 
| 245|0x00000007ef500000, 0x00000007ef600000, 0x00000007ef600000|100%| E|CS|TAMS 0x00000007ef500000, 0x00000007ef500000| Complete 
| 246|0x00000007ef600000, 0x00000007ef700000, 0x00000007ef700000|100%| E|CS|TAMS 0x00000007ef600000, 0x00000007ef600000| Complete 
| 247|0x00000007ef700000, 0x00000007ef800000, 0x00000007ef800000|100%| E|CS|TAMS 0x00000007ef700000, 0x00000007ef700000| Complete 
| 248|0x00000007ef800000, 0x00000007ef900000, 0x00000007ef900000|100%| E|CS|TAMS 0x00000007ef800000, 0x00000007ef800000| Complete 
| 249|0x00000007ef900000, 0x00000007efa00000, 0x00000007efa00000|100%| E|CS|TAMS 0x00000007ef900000, 0x00000007ef900000| Complete 
| 250|0x00000007efa00000, 0x00000007efb00000, 0x00000007efb00000|100%| E|CS|TAMS 0x00000007efa00000, 0x00000007efa00000| Complete 
| 251|0x00000007efb00000, 0x00000007efc00000, 0x00000007efc00000|100%| E|CS|TAMS 0x00000007efb00000, 0x00000007efb00000| Complete 
| 252|0x00000007efc00000, 0x00000007efd00000, 0x00000007efd00000|100%| E|CS|TAMS 0x00000007efc00000, 0x00000007efc00000| Complete 
| 253|0x00000007efd00000, 0x00000007efe00000, 0x00000007efe00000|100%| E|CS|TAMS 0x00000007efd00000, 0x00000007efd00000| Complete 
| 254|0x00000007efe00000, 0x00000007eff00000, 0x00000007eff00000|100%| E|CS|TAMS 0x00000007efe00000, 0x00000007efe00000| Complete 
| 255|0x00000007eff00000, 0x00000007f0000000, 0x00000007f0000000|100%| E|CS|TAMS 0x00000007eff00000, 0x00000007eff00000| Complete 
| 256|0x00000007f0000000, 0x00000007f0100000, 0x00000007f0100000|100%|HS|  |TAMS 0x00000007f0000000, 0x00000007f0000000| Complete 
| 257|0x00000007f0100000, 0x00000007f0200000, 0x00000007f0200000|100%|HC|  |TAMS 0x00000007f0100000, 0x00000007f0100000| Complete 
| 258|0x00000007f0200000, 0x00000007f0300000, 0x00000007f0300000|100%|HC|  |TAMS 0x00000007f0200000, 0x00000007f0200000| Complete 
| 259|0x00000007f0300000, 0x00000007f0400000, 0x00000007f0400000|100%|HC|  |TAMS 0x00000007f0300000, 0x00000007f0300000| Complete 
| 260|0x00000007f0400000, 0x00000007f0500000, 0x00000007f0500000|100%|HC|  |TAMS 0x00000007f0400000, 0x00000007f0400000| Complete 
| 261|0x00000007f0500000, 0x00000007f0600000, 0x00000007f0600000|100%|HC|  |TAMS 0x00000007f0500000, 0x00000007f0500000| Complete 
| 262|0x00000007f0600000, 0x00000007f0700000, 0x00000007f0700000|100%|HC|  |TAMS 0x00000007f0600000, 0x00000007f0600000| Complete 
| 263|0x00000007f0700000, 0x00000007f0800000, 0x00000007f0800000|100%|HC|  |TAMS 0x00000007f0700000, 0x00000007f0700000| Complete 
| 264|0x00000007f0800000, 0x00000007f0900000, 0x00000007f0900000|100%|HC|  |TAMS 0x00000007f0800000, 0x00000007f0800000| Complete 
| 265|0x00000007f0900000, 0x00000007f0a00000, 0x00000007f0a00000|100%|HS|  |TAMS 0x00000007f0900000, 0x00000007f0900000| Complete 
| 266|0x00000007f0a00000, 0x00000007f0b00000, 0x00000007f0b00000|100%|HC|  |TAMS 0x00000007f0a00000, 0x00000007f0a00000| Complete 
| 267|0x00000007f0b00000, 0x00000007f0c00000, 0x00000007f0c00000|100%|HC|  |TAMS 0x00000007f0b00000, 0x00000007f0b00000| Complete 
| 268|0x00000007f0c00000, 0x00000007f0d00000, 0x00000007f0d00000|100%|HC|  |TAMS 0x00000007f0c00000, 0x00000007f0c00000| Complete 
| 269|0x00000007f0d00000, 0x00000007f0e00000, 0x00000007f0e00000|100%|HC|  |TAMS 0x00000007f0d00000, 0x00000007f0d00000| Complete 
| 270|0x00000007f0e00000, 0x00000007f0f00000, 0x00000007f0f00000|100%|HC|  |TAMS 0x00000007f0e00000, 0x00000007f0e00000| Complete 
| 271|0x00000007f0f00000, 0x00000007f1000000, 0x00000007f1000000|100%|HC|  |TAMS 0x00000007f0f00000, 0x00000007f0f00000| Complete 
| 272|0x00000007f1000000, 0x00000007f1100000, 0x00000007f1100000|100%|HC|  |TAMS 0x00000007f1000000, 0x00000007f1000000| Complete 
| 273|0x00000007f1100000, 0x00000007f1200000, 0x00000007f1200000|100%|HC|  |TAMS 0x00000007f1100000, 0x00000007f1100000| Complete 
| 274|0x00000007f1200000, 0x00000007f1300000, 0x00000007f1300000|100%|HS|  |TAMS 0x00000007f1200000, 0x00000007f1200000| Complete 
| 275|0x00000007f1300000, 0x00000007f1400000, 0x00000007f1400000|100%|HC|  |TAMS 0x00000007f1300000, 0x00000007f1300000| Complete 
| 276|0x00000007f1400000, 0x00000007f1500000, 0x00000007f1500000|100%|HC|  |TAMS 0x00000007f1400000, 0x00000007f1400000| Complete 
| 277|0x00000007f1500000, 0x00000007f1600000, 0x00000007f1600000|100%|HC|  |TAMS 0x00000007f1500000, 0x00000007f1500000| Complete 
| 278|0x00000007f1600000, 0x00000007f1700000, 0x00000007f1700000|100%|HC|  |TAMS 0x00000007f1600000, 0x00000007f1600000| Complete 
| 279|0x00000007f1700000, 0x00000007f1800000, 0x00000007f1800000|100%|HC|  |TAMS 0x00000007f1700000, 0x00000007f1700000| Complete 
| 280|0x00000007f1800000, 0x00000007f1900000, 0x00000007f1900000|100%|HC|  |TAMS 0x00000007f1800000, 0x00000007f1800000| Complete 
| 281|0x00000007f1900000, 0x00000007f1a00000, 0x00000007f1a00000|100%|HC|  |TAMS 0x00000007f1900000, 0x00000007f1900000| Complete 
| 282|0x00000007f1a00000, 0x00000007f1b00000, 0x00000007f1b00000|100%|HC|  |TAMS 0x00000007f1a00000, 0x00000007f1a00000| Complete 

Card table byte_map: [0x000000011ab0e000,0x000000011ac0e000] _byte_map_base: 0x0000000116c0e000

Marking Bits (Prev, Next): (CMBitMap*) 0x00007fc505007818, (CMBitMap*) 0x00007fc505007850
 Prev Bits: [0x000000012a533000, 0x000000012ad33000)
 Next Bits: [0x000000012ad33000, 0x000000012b533000)

Polling page: 0x0000000111cb9000

Metaspace:

Usage:
  Non-class:     73.83 MB capacity,    70.62 MB ( 96%) used,     2.58 MB (  3%) free+waste,   645.94 KB ( <1%) overhead. 
      Class:     12.55 MB capacity,     9.54 MB ( 76%) used,     2.63 MB ( 21%) free+waste,   392.44 KB (  3%) overhead. 
       Both:     86.38 MB capacity,    80.16 MB ( 93%) used,     5.21 MB (  6%) free+waste,     1.01 MB (  1%) overhead. 

Virtual space:
  Non-class space:       76.00 MB reserved,      75.13 MB ( 99%) committed 
      Class space:        1.00 GB reserved,      12.82 MB (  1%) committed 
             Both:        1.07 GB reserved,      87.95 MB (  8%) committed 

Chunk freelists:
   Non-Class:  144.25 KB
       Class:  21.25 KB
        Both:  165.50 KB

CodeHeap 'non-profiled nmethods': size=120032Kb used=6408Kb max_used=6546Kb free=113623Kb
 bounds [0x0000000122ffb000, 0x000000012366b000, 0x000000012a533000]
CodeHeap 'profiled nmethods': size=120028Kb used=15699Kb max_used=15699Kb free=104328Kb
 bounds [0x000000011bac4000, 0x000000011ca34000, 0x0000000122ffb000]
CodeHeap 'non-nmethods': size=5700Kb used=2070Kb max_used=2106Kb free=3629Kb
 bounds [0x000000011b533000, 0x000000011b7a3000, 0x000000011bac4000]
 total_blobs=12086 nmethods=7626 adapters=1709
 compilation: enabled
              stopped_count=0, restarted_count=0
 full_count=0

Compilation events (10 events):
Event: 10.427 Thread 0x00007fc506014000 nmethod 8317 0x000000011ca21d10 code [0x000000011ca22080, 0x000000011ca23748]
Event: 10.427 Thread 0x00007fc506014000 8319       3       com.android.internal.util.FastXmlSerializer::$$robo$$com_android_internal_util_FastXmlSerializer$append (39 bytes)
Event: 10.427 Thread 0x00007fc506815800 nmethod 8269 0x0000000123163f10 code [0x00000001231640a0, 0x0000000123164158]
Event: 10.427 Thread 0x00007fc506815800 8314       4       org.robolectric.shadows.ShadowParcel::nativeWriteInt (20 bytes)
Event: 10.428 Thread 0x00007fc506014000 nmethod 8319 0x000000011ca23f10 code [0x000000011ca241e0, 0x000000011ca25018]
Event: 10.428 Thread 0x00007fc506014000 8323       3       android.view.View::isLayoutValid (7 bytes)
Event: 10.447 Thread 0x00007fc506014000 nmethod 8323 0x000000011ca25590 code [0x000000011ca25900, 0x000000011ca270e8]
Event: 10.447 Thread 0x00007fc506014000 8322       3       java.lang.invoke.LambdaForm$DMH/0x0000000800967440::invokeSpecial (24 bytes)
Event: 10.447 Thread 0x00007fc506014000 nmethod 8322 0x000000011ca27890 code [0x000000011ca27a80, 0x000000011ca27fd8]
Event: 10.447 Thread 0x00007fc506014000 8318       3       android.view.View$GeneratedProxy/0x0000000800ac8040::requestLayout (8 bytes)

GC Heap History (10 events):
Event: 8.984 GC heap before
{Heap before GC invocations=19 (full 0):
 garbage-first heap   total 262144K, used 210852K [0x00000007e0000000, 0x0000000800000000)
  region size 1024K, 131 young (134144K), 11 survivors (11264K)
 Metaspace       used 74137K, capacity 79548K, committed 79824K, reserved 1118208K
  class space    used 8397K, capacity 11008K, committed 11084K, reserved 1048576K
}
Event: 8.994 GC heap after
{Heap after GC invocations=20 (full 0):
 garbage-first heap   total 262144K, used 92094K [0x00000007e0000000, 0x0000000800000000)
  region size 1024K, 13 young (13312K), 13 survivors (13312K)
 Metaspace       used 74137K, capacity 79548K, committed 79824K, reserved 1118208K
  class space    used 8397K, capacity 11008K, committed 11084K, reserved 1048576K
}
Event: 9.415 GC heap before
{Heap before GC invocations=20 (full 0):
 garbage-first heap   total 262144K, used 212926K [0x00000007e0000000, 0x0000000800000000)
  region size 1024K, 131 young (134144K), 13 survivors (13312K)
 Metaspace       used 76185K, capacity 82217K, committed 82512K, reserved 1120256K
  class space    used 8776K, capacity 11659K, committed 11724K, reserved 1048576K
}
Event: 9.431 GC heap after
{Heap after GC invocations=21 (full 0):
 garbage-first heap   total 262144K, used 98896K [0x00000007e0000000, 0x0000000800000000)
  region size 1024K, 15 young (15360K), 15 survivors (15360K)
 Metaspace       used 76185K, capacity 82217K, committed 82512K, reserved 1120256K
  class space    used 8776K, capacity 11659K, committed 11724K, reserved 1048576K
}
Event: 9.828 GC heap before
{Heap before GC invocations=21 (full 0):
 garbage-first heap   total 262144K, used 212560K [0x00000007e0000000, 0x0000000800000000)
  region size 1024K, 126 young (129024K), 15 survivors (15360K)
 Metaspace       used 78280K, capacity 84476K, committed 84688K, reserved 1122304K
  class space    used 9080K, capacity 12043K, committed 12108K, reserved 1048576K
}
Event: 9.840 GC heap after
{Heap after GC invocations=22 (full 0):
 garbage-first heap   total 262144K, used 101908K [0x00000007e0000000, 0x0000000800000000)
  region size 1024K, 12 young (12288K), 12 survivors (12288K)
 Metaspace       used 78280K, capacity 84476K, committed 84688K, reserved 1122304K
  class space    used 9080K, capacity 12043K, committed 12108K, reserved 1048576K
}
Event: 10.212 GC heap before
{Heap before GC invocations=22 (full 0):
 garbage-first heap   total 262144K, used 213524K [0x00000007e0000000, 0x0000000800000000)
  region size 1024K, 121 young (123904K), 12 survivors (12288K)
 Metaspace       used 81922K, capacity 88297K, committed 88656K, reserved 1126400K
  class space    used 9592K, capacity 12629K, committed 12748K, reserved 1048576K
}
Event: 10.218 GC heap after
{Heap after GC invocations=23 (full 0):
 garbage-first heap   total 262144K, used 101418K [0x00000007e0000000, 0x0000000800000000)
  region size 1024K, 6 young (6144K), 6 survivors (6144K)
 Metaspace       used 81922K, capacity 88297K, committed 88656K, reserved 1126400K
  class space    used 9592K, capacity 12629K, committed 12748K, reserved 1048576K
}
Event: 10.345 GC heap before
{Heap before GC invocations=23 (full 0):
 garbage-first heap   total 262144K, used 162858K [0x00000007e0000000, 0x0000000800000000)
  region size 1024K, 49 young (50176K), 6 survivors (6144K)
 Metaspace       used 82736K, capacity 89308K, committed 89424K, reserved 1126400K
  class space    used 9757K, capacity 12924K, committed 13004K, reserved 1048576K
}
Event: 10.353 GC heap after
{Heap after GC invocations=24 (full 0):
 garbage-first heap   total 262144K, used 120706K [0x00000007e0000000, 0x0000000800000000)
  region size 1024K, 7 young (7168K), 7 survivors (7168K)
 Metaspace       used 82736K, capacity 89308K, committed 89424K, reserved 1126400K
  class space    used 9757K, capacity 12924K, committed 13004K, reserved 1048576K
}

Deoptimization events (10 events):
Event: 10.299 Thread 0x00007fc50ae69800 Uncommon trap: reason=profile_predicate action=maybe_recompile pc=0x00000001230fa9fc method=java.util.Arrays.fill([Ljava/lang/Object;IILjava/lang/Object;)V @ 10 c2
Event: 10.299 Thread 0x00007fc50ae69800 Uncommon trap: reason=profile_predicate action=maybe_recompile pc=0x00000001230fa9fc method=java.util.Arrays.fill([Ljava/lang/Object;IILjava/lang/Object;)V @ 10 c2
Event: 10.300 Thread 0x00007fc50ae69800 Uncommon trap: reason=profile_predicate action=maybe_recompile pc=0x00000001230fa9fc method=java.util.Arrays.fill([Ljava/lang/Object;IILjava/lang/Object;)V @ 10 c2
Event: 10.300 Thread 0x00007fc50ae69800 Uncommon trap: reason=profile_predicate action=maybe_recompile pc=0x00000001230fa9fc method=java.util.Arrays.fill([Ljava/lang/Object;IILjava/lang/Object;)V @ 10 c2
Event: 10.320 Thread 0x00007fc508152800 Uncommon trap: reason=array_check action=maybe_recompile pc=0x00000001231262b0 method=java.util.Arrays.fill([Ljava/lang/Object;IILjava/lang/Object;)V @ 20 c2
Event: 10.320 Thread 0x00007fc504e16000 Uncommon trap: reason=array_check action=maybe_recompile pc=0x00000001231262b0 method=java.util.Arrays.fill([Ljava/lang/Object;IILjava/lang/Object;)V @ 20 c2
Event: 10.321 Thread 0x00007fc50ae69800 Uncommon trap: reason=array_check action=maybe_recompile pc=0x00000001231262b0 method=java.util.Arrays.fill([Ljava/lang/Object;IILjava/lang/Object;)V @ 20 c2
Event: 10.321 Thread 0x00007fc504e16000 Uncommon trap: reason=array_check action=maybe_recompile pc=0x00000001231262b0 method=java.util.Arrays.fill([Ljava/lang/Object;IILjava/lang/Object;)V @ 20 c2
Event: 10.323 Thread 0x00007fc50aef8000 Uncommon trap: reason=unstable_if action=reinterpret pc=0x00000001235ee0fc method=jdk.internal.org.objectweb.asm.Frame.merge(Ljdk/internal/org/objectweb/asm/ClassWriter;Ljdk/internal/org/objectweb/asm/Frame;I)Z @ 120 c2
Event: 10.335 Thread 0x00007fc50aef8000 Uncommon trap: reason=unstable_if action=reinterpret pc=0x0000000123508244 method=java.util.LinkedHashMap.get(Ljava/lang/Object;)Ljava/lang/Object; @ 20 c2

Classes redefined (0 events):
No events

Internal exceptions (10 events):
Event: 10.413 Thread 0x00007fc50aef8000 Exception <a 'java/lang/NoSuchMethodError'{0x00000007ef05e4e8}: java.lang.invoke.Invokers$Holder.exactInvoker(Ljava/lang/Object;Ljava/lang/Object;JJIJ)V> (0x00000007ef05e4e8) thrown at [/scratch/mesos/slaves/83bb4d84-382c-4ead-b585-d8ef0018fefe-S19331/fra
Event: 10.413 Thread 0x00007fc50aef8000 Exception <a 'java/lang/NoSuchMethodError'{0x00000007ef0650e8}: java.lang.invoke.DelegatingMethodHandle$Holder.delegate(Ljava/lang/Object;Ljava/lang/Object;JJIJ)V> (0x00000007ef0650e8) thrown at [/scratch/mesos/slaves/83bb4d84-382c-4ead-b585-d8ef0018fefe-
Event: 10.415 Thread 0x00007fc504e16000 Exception <a 'java/lang/NoSuchMethodError'{0x00000007ef0ae470}: java.lang.invoke.DirectMethodHandle$Holder.invokeSpecial(Ljava/lang/Object;Ljava/lang/Object;Ljava/lang/Object;Ljava/lang/Object;IIIILjava/lang/Object;I)V> (0x00000007ef0ae470) thrown at [/sc
Event: 10.416 Thread 0x00007fc504e16000 Exception <a 'java/lang/NoSuchMethodError'{0x00000007ef0b1dc8}: java.lang.invoke.Invokers$Holder.exactInvoker(Ljava/lang/Object;Ljava/lang/Object;Ljava/lang/Object;Ljava/lang/Object;IIIILjava/lang/Object;I)V> (0x00000007ef0b1dc8) thrown at [/scratch/mesos
Event: 10.416 Thread 0x00007fc504e16000 Exception <a 'java/lang/NoSuchMethodError'{0x00000007ef0b9928}: java.lang.invoke.DelegatingMethodHandle$Holder.delegate(Ljava/lang/Object;Ljava/lang/Object;Ljava/lang/Object;Ljava/lang/Object;IIIILjava/lang/Object;I)V> (0x00000007ef0b9928) thrown at [/scr
Event: 10.424 Thread 0x00007fc50aef8000 Exception <a 'java/lang/NoSuchMethodError'{0x00000007eeddfda0}: java.lang.invoke.DelegatingMethodHandle$Holder.delegate(Ljava/lang/Object;JJI)Ljava/lang/Object;> (0x00000007eeddfda0) thrown at [/scratch/mesos/slaves/83bb4d84-382c-4ead-b585-d8ef0018fefe-S1
Event: 10.431 Thread 0x00007fc50aef8000 Exception <a 'java/lang/NoSuchMethodError'{0x00000007eeb06e18}: java.lang.invoke.Invokers$Holder.exactInvoker(Ljava/lang/Object;Ljava/lang/Object;Ljava/lang/Object;II)J> (0x00000007eeb06e18) thrown at [/scratch/mesos/slaves/83bb4d84-382c-4ead-b585-d8ef001
Event: 10.432 Thread 0x00007fc50aef8000 Exception <a 'java/lang/NoSuchMethodError'{0x00000007eeb0dac0}: java.lang.invoke.DelegatingMethodHandle$Holder.delegate(Ljava/lang/Object;Ljava/lang/Object;Ljava/lang/Object;II)J> (0x00000007eeb0dac0) thrown at [/scratch/mesos/slaves/83bb4d84-382c-4ead-b5
Event: 10.447 Thread 0x00007fc50aef8000 Exception <a 'java/lang/NoSuchMethodError'{0x00000007eeb2cb08}: java.lang.invoke.DirectMethodHandle$Holder.invokeSpecial(Ljava/lang/Object;Ljava/lang/Object;JII)J> (0x00000007eeb2cb08) thrown at [/scratch/mesos/slaves/83bb4d84-382c-4ead-b585-d8ef0018fefe-
Event: 10.447 Thread 0x00007fc50aef8000 Exception <a 'java/lang/NoSuchMethodError'{0x00000007eeb2fad8}: java.lang.invoke.Invokers$Holder.exactInvoker(Ljava/lang/Object;Ljava/lang/Object;JII)J> (0x00000007eeb2fad8) thrown at [/scratch/mesos/slaves/83bb4d84-382c-4ead-b585-d8ef0018fefe-S19331/fram

Events (10 events):
Event: 10.430 loading class android/database/AbstractWindowedCursor
Event: 10.430 loading class android/database/AbstractWindowedCursor done
Event: 10.430 loading class android/database/CursorWindow
Event: 10.430 loading class android/database/CursorWindow done
Event: 10.430 loading class android/os/BaseBundle
Event: 10.430 loading class android/os/BaseBundle done
Event: 10.433 Executing VM operation: CGC_Operation
Event: 10.433 loading class androidx/appcompat/widget/ActionMenuView$LayoutParams
Event: 10.433 loading class androidx/appcompat/widget/ActionMenuView$LayoutParams done
Event: 10.445 Executing VM operation: CGC_Operation done


Dynamic libraries:
0x00007fff27a54000 	/System/Library/Frameworks/Cocoa.framework/Versions/A/Cocoa
0x00007fff34070000 	/System/Library/Frameworks/Security.framework/Versions/A/Security
0x00007fff26696000 	/System/Library/Frameworks/ApplicationServices.framework/Versions/A/ApplicationServices
0x00007fff4feed000 	/usr/lib/libz.1.dylib
0x00007fff4de1e000 	/usr/lib/libSystem.B.dylib
0x00007fff28207000 	/System/Library/Frameworks/CoreFoundation.framework/Versions/A/CoreFoundation
0x00007fff2a368000 	/System/Library/Frameworks/Foundation.framework/Versions/C/Foundation
0x00007fff4f4d7000 	/usr/lib/libobjc.A.dylib
0x00007fff257e6000 	/System/Library/Frameworks/AppKit.framework/Versions/C/AppKit
0x00007fff27dcc000 	/System/Library/Frameworks/CoreData.framework/Versions/A/CoreData
0x00007fff4775c000 	/System/Library/PrivateFrameworks/RemoteViewServices.framework/Versions/A/RemoteViewServices
0x00007fff4bec3000 	/System/Library/PrivateFrameworks/UIFoundation.framework/Versions/A/UIFoundation
0x00007fff3c538000 	/System/Library/PrivateFrameworks/DFRFoundation.framework/Versions/A/DFRFoundation
0x00007fff2c9d4000 	/System/Library/Frameworks/Metal.framework/Versions/A/Metal
0x00007fff3c6d5000 	/System/Library/PrivateFrameworks/DesktopServicesPriv.framework/Versions/A/DesktopServicesPriv
0x00007fff4ea24000 	/usr/lib/libenergytrace.dylib
0x00007fff49f2e000 	/System/Library/PrivateFrameworks/SkyLight.framework/Versions/A/SkyLight
0x00007fff286aa000 	/System/Library/Frameworks/CoreGraphics.framework/Versions/A/CoreGraphics
0x00007fff4de19000 	/usr/lib/libScreenReader.dylib
0x00007fff24780000 	/System/Library/Frameworks/Accelerate.framework/Versions/A/Accelerate
0x00007fff2aae2000 	/System/Library/Frameworks/IOSurface.framework/Versions/A/IOSurface
0x00007fff26be0000 	/System/Library/Frameworks/AudioToolbox.framework/Versions/A/AudioToolbox
0x00007fff26e70000 	/System/Library/Frameworks/AudioUnit.framework/Versions/A/AudioUnit
0x00007fff3c5d0000 	/System/Library/PrivateFrameworks/DataDetectorsCore.framework/Versions/A/DataDetectorsCore
0x00007fff27547000 	/System/Library/Frameworks/Carbon.framework/Versions/A/Frameworks/HIToolbox.framework/Versions/A/HIToolbox
0x00007fff4eb7e000 	/usr/lib/libicucore.A.dylib
0x00007fff335ec000 	/System/Library/Frameworks/QuartzCore.framework/Versions/A/QuartzCore
0x00007fff491e5000 	/System/Library/PrivateFrameworks/SignpostNotification.framework/Versions/A/SignpostNotification
0x00007fff2792d000 	/System/Library/Frameworks/Carbon.framework/Versions/A/Frameworks/SpeechRecognition.framework/Versions/A/SpeechRecognition
0x00007fff4df7a000 	/usr/lib/libauto.dylib
0x00007fff4fddc000 	/usr/lib/libxml2.2.dylib
0x00007fff3c189000 	/System/Library/PrivateFrameworks/CoreUI.framework/Versions/A/CoreUI
0x00007fff27ca8000 	/System/Library/Frameworks/CoreAudio.framework/Versions/A/CoreAudio
0x00007fff2a1a2000 	/System/Library/Frameworks/DiskArbitration.framework/Versions/A/DiskArbitration
0x00007fff4edf2000 	/usr/lib/liblangid.dylib
0x00007fff43c66000 	/System/Library/PrivateFrameworks/MultitouchSupport.framework/Versions/A/MultitouchSupport
0x00007fff2aa45000 	/System/Library/Frameworks/IOKit.framework/Versions/A/IOKit
0x00007fff4daa8000 	/usr/lib/libDiagnosticMessagesClient.dylib
0x00007fff29380000 	/System/Library/Frameworks/CoreServices.framework/Versions/A/CoreServices
0x00007fff45798000 	/System/Library/PrivateFrameworks/PerformanceAnalysis.framework/Versions/A/PerformanceAnalysis
0x00007fff3278e000 	/System/Library/Frameworks/OpenGL.framework/Versions/A/OpenGL
0x00007fff27a62000 	/System/Library/Frameworks/ColorSync.framework/Versions/A/ColorSync
0x00007fff28cbc000 	/System/Library/Frameworks/CoreImage.framework/Versions/A/CoreImage
0x00007fff29d10000 	/System/Library/Frameworks/CoreText.framework/Versions/A/CoreText
0x00007fff2ab40000 	/System/Library/Frameworks/ImageIO.framework/Versions/A/ImageIO
0x00007fff38e80000 	/System/Library/PrivateFrameworks/Backup.framework/Versions/A/Backup
0x00007fff4deca000 	/usr/lib/libarchive.2.dylib
0x00007fff27193000 	/System/Library/Frameworks/CFNetwork.framework/Versions/A/CFNetwork
0x00007fff34803000 	/System/Library/Frameworks/SystemConfiguration.framework/Versions/A/SystemConfiguration
0x00007fff4d9d1000 	/usr/lib/libCRFSuite.dylib
0x00007fff4e053000 	/usr/lib/libc++.1.dylib
0x00007fff4e0aa000 	/usr/lib/libc++abi.dylib
0x00007fff4ff9b000 	/usr/lib/system/libcache.dylib
0x00007fff4ffa0000 	/usr/lib/system/libcommonCrypto.dylib
0x00007fff4ffab000 	/usr/lib/system/libcompiler_rt.dylib
0x00007fff4ffb3000 	/usr/lib/system/libcopyfile.dylib
0x00007fff4ffbd000 	/usr/lib/system/libcorecrypto.dylib
0x00007fff500ca000 	/usr/lib/system/libdispatch.dylib
0x00007fff50104000 	/usr/lib/system/libdyld.dylib
0x00007fff50122000 	/usr/lib/system/libkeymgr.dylib
0x00007fff50130000 	/usr/lib/system/liblaunch.dylib
0x00007fff50131000 	/usr/lib/system/libmacho.dylib
0x00007fff50136000 	/usr/lib/system/libquarantine.dylib
0x00007fff50139000 	/usr/lib/system/libremovefile.dylib
0x00007fff5013b000 	/usr/lib/system/libsystem_asl.dylib
0x00007fff50153000 	/usr/lib/system/libsystem_blocks.dylib
0x00007fff50154000 	/usr/lib/system/libsystem_c.dylib
0x00007fff501de000 	/usr/lib/system/libsystem_configuration.dylib
0x00007fff501e2000 	/usr/lib/system/libsystem_coreservices.dylib
0x00007fff501e6000 	/usr/lib/system/libsystem_darwin.dylib
0x00007fff501e8000 	/usr/lib/system/libsystem_dnssd.dylib
0x00007fff501ef000 	/usr/lib/system/libsystem_info.dylib
0x00007fff50260000 	/usr/lib/system/libsystem_m.dylib
0x00007fff502ac000 	/usr/lib/system/libsystem_malloc.dylib
0x00007fff502cc000 	/usr/lib/system/libsystem_network.dylib
0x00007fff503fd000 	/usr/lib/system/libsystem_networkextension.dylib
0x00007fff50408000 	/usr/lib/system/libsystem_notify.dylib
0x00007fff50426000 	/usr/lib/system/libsystem_sandbox.dylib
0x00007fff5042a000 	/usr/lib/system/libsystem_secinit.dylib
0x00007fff50239000 	/usr/lib/system/libsystem_kernel.dylib
0x00007fff50412000 	/usr/lib/system/libsystem_platform.dylib
0x00007fff5041a000 	/usr/lib/system/libsystem_pthread.dylib
0x00007fff5042c000 	/usr/lib/system/libsystem_symptoms.dylib
0x00007fff50434000 	/usr/lib/system/libsystem_trace.dylib
0x00007fff50449000 	/usr/lib/system/libunwind.dylib
0x00007fff5044f000 	/usr/lib/system/libxpc.dylib
0x00007fff4d8e4000 	/usr/lib/closure/libclosured.dylib
0x00007fff4e034000 	/usr/lib/libbsm.0.dylib
0x00007fff50123000 	/usr/lib/system/libkxld.dylib
0x00007fff4dce2000 	/usr/lib/libOpenScriptingUtil.dylib
0x00007fff4e3a3000 	/usr/lib/libcoretls.dylib
0x00007fff4e3bc000 	/usr/lib/libcoretls_cfhelpers.dylib
0x00007fff4f8d8000 	/usr/lib/libpam.2.dylib
0x00007fff4f9ff000 	/usr/lib/libsqlite3.dylib
0x00007fff4fdcb000 	/usr/lib/libxar.1.dylib
0x00007fff4e045000 	/usr/lib/libbz2.1.0.dylib
0x00007fff4edf4000 	/usr/lib/liblzma.5.dylib
0x00007fff4f2d5000 	/usr/lib/libnetwork.dylib
0x00007fff4deb3000 	/usr/lib/libapple_nghttp2.dylib
0x00007fff4f8df000 	/usr/lib/libpcap.A.dylib
0x00007fff4df7b000 	/usr/lib/libboringssl.dylib
0x00007fff4fd66000 	/usr/lib/libusrtcp.dylib
0x00007fff4deb2000 	/usr/lib/libapple_crypto.dylib
0x00007fff29703000 	/System/Library/Frameworks/CoreServices.framework/Versions/A/Frameworks/FSEvents.framework/Versions/A/FSEvents
0x00007fff293f6000 	/System/Library/Frameworks/CoreServices.framework/Versions/A/Frameworks/CarbonCore.framework/Versions/A/CarbonCore
0x00007fff298ca000 	/System/Library/Frameworks/CoreServices.framework/Versions/A/Frameworks/Metadata.framework/Versions/A/Metadata
0x00007fff2997b000 	/System/Library/Frameworks/CoreServices.framework/Versions/A/Frameworks/OSServices.framework/Versions/A/OSServices
0x00007fff299dc000 	/System/Library/Frameworks/CoreServices.framework/Versions/A/Frameworks/SearchKit.framework/Versions/A/SearchKit
0x00007fff29381000 	/System/Library/Frameworks/CoreServices.framework/Versions/A/Frameworks/AE.framework/Versions/A/AE
0x00007fff2970c000 	/System/Library/Frameworks/CoreServices.framework/Versions/A/Frameworks/LaunchServices.framework/Versions/A/LaunchServices
0x00007fff296ce000 	/System/Library/Frameworks/CoreServices.framework/Versions/A/Frameworks/DictionaryServices.framework/Versions/A/DictionaryServices
0x00007fff29a4b000 	/System/Library/Frameworks/CoreServices.framework/Versions/A/Frameworks/SharedFileList.framework/Versions/A/SharedFileList
0x00007fff2dc0a000 	/System/Library/Frameworks/NetFS.framework/Versions/A/NetFS
0x00007fff43ef7000 	/System/Library/PrivateFrameworks/NetAuth.framework/Versions/A/NetAuth
0x00007fff4d77b000 	/System/Library/PrivateFrameworks/login.framework/Versions/A/Frameworks/loginsupport.framework/Versions/A/loginsupport
0x00007fff4bb40000 	/System/Library/PrivateFrameworks/TCC.framework/Versions/A/TCC
0x00007fff4eed5000 	/usr/lib/libmecabra.dylib
0x00007fff26697000 	/System/Library/Frameworks/ApplicationServices.framework/Versions/A/Frameworks/ATS.framework/Versions/A/ATS
0x00007fff26a45000 	/System/Library/Frameworks/ApplicationServices.framework/Versions/A/Frameworks/ColorSyncLegacy.framework/Versions/A/ColorSyncLegacy
0x00007fff26ae9000 	/System/Library/Frameworks/ApplicationServices.framework/Versions/A/Frameworks/HIServices.framework/Versions/A/HIServices
0x00007fff26b3c000 	/System/Library/Frameworks/ApplicationServices.framework/Versions/A/Frameworks/LangAnalysis.framework/Versions/A/LangAnalysis
0x00007fff26b4b000 	/System/Library/Frameworks/ApplicationServices.framework/Versions/A/Frameworks/PrintCore.framework/Versions/A/PrintCore
0x00007fff26b98000 	/System/Library/Frameworks/ApplicationServices.framework/Versions/A/Frameworks/QD.framework/Versions/A/QD
0x00007fff26bd3000 	/System/Library/Frameworks/ApplicationServices.framework/Versions/A/Frameworks/SpeechSynthesis.framework/Versions/A/SpeechSynthesis
0x00007fff28123000 	/System/Library/Frameworks/CoreDisplay.framework/Versions/A/CoreDisplay
0x00007fff24798000 	/System/Library/Frameworks/Accelerate.framework/Versions/A/Frameworks/vImage.framework/Versions/A/vImage
0x00007fff254f2000 	/System/Library/Frameworks/Accelerate.framework/Versions/A/Frameworks/vecLib.framework/Versions/A/vecLib
0x00007fff25292000 	/System/Library/Frameworks/Accelerate.framework/Versions/A/Frameworks/vecLib.framework/Versions/A/libvDSP.dylib
0x00007fff24df2000 	/System/Library/Frameworks/Accelerate.framework/Versions/A/Frameworks/vecLib.framework/Versions/A/libBNNS.dylib
0x00007fff251f7000 	/System/Library/Frameworks/Accelerate.framework/Versions/A/Frameworks/vecLib.framework/Versions/A/libQuadrature.dylib
0x00007fff25440000 	/System/Library/Frameworks/Accelerate.framework/Versions/A/Frameworks/vecLib.framework/Versions/A/libvMisc.dylib
0x00007fff24e21000 	/System/Library/Frameworks/Accelerate.framework/Versions/A/Frameworks/vecLib.framework/Versions/A/libLAPACK.dylib
0x00007fff24c97000 	/System/Library/Frameworks/Accelerate.framework/Versions/A/Frameworks/vecLib.framework/Versions/A/libBLAS.dylib
0x00007fff251e1000 	/System/Library/Frameworks/Accelerate.framework/Versions/A/Frameworks/vecLib.framework/Versions/A/libLinearAlgebra.dylib
0x00007fff251fd000 	/System/Library/Frameworks/Accelerate.framework/Versions/A/Frameworks/vecLib.framework/Versions/A/libSparse.dylib
0x00007fff2527e000 	/System/Library/Frameworks/Accelerate.framework/Versions/A/Frameworks/vecLib.framework/Versions/A/libSparseBLAS.dylib
0x00007fff40d14000 	/System/Library/PrivateFrameworks/GPUWrangler.framework/Versions/A/GPUWrangler
0x00007fff424a5000 	/System/Library/PrivateFrameworks/IOAccelerator.framework/Versions/A/IOAccelerator
0x00007fff424b0000 	/System/Library/PrivateFrameworks/IOPresentment.framework/Versions/A/IOPresentment
0x00007fff3c54a000 	/System/Library/PrivateFrameworks/DSExternalDisplay.framework/Versions/A/DSExternalDisplay
0x00007fff31c0d000 	/System/Library/Frameworks/OpenGL.framework/Versions/A/Libraries/libCoreFSCache.dylib
0x00007fff29e61000 	/System/Library/Frameworks/CoreVideo.framework/Versions/A/CoreVideo
0x00007fff41a8f000 	/System/Library/PrivateFrameworks/GraphVisualizer.framework/Versions/A/GraphVisualizer
0x00007fff2cc0b000 	/System/Library/Frameworks/MetalPerformanceShaders.framework/Versions/A/MetalPerformanceShaders
0x00007fff4dae0000 	/usr/lib/libFosl_dynamic.dylib
0x00007fff3d61e000 	/System/Library/PrivateFrameworks/FaceCore.framework/Versions/A/FaceCore
0x00007fff30a08000 	/System/Library/Frameworks/OpenCL.framework/Versions/A/OpenCL
0x00007fff4e0e1000 	/usr/lib/libcompression.dylib
0x00007fff26796000 	/System/Library/Frameworks/ApplicationServices.framework/Versions/A/Frameworks/ATS.framework/Versions/A/Resources/libFontParser.dylib
0x00007fff268b9000 	/System/Library/Frameworks/ApplicationServices.framework/Versions/A/Frameworks/ATS.framework/Versions/A/Resources/libFontRegistry.dylib
0x00007fff2ada8000 	/System/Library/Frameworks/ImageIO.framework/Versions/A/Resources/libJPEG.dylib
0x00007fff2b0d1000 	/System/Library/Frameworks/ImageIO.framework/Versions/A/Resources/libTIFF.dylib
0x00007fff2b0a7000 	/System/Library/Frameworks/ImageIO.framework/Versions/A/Resources/libPng.dylib
0x00007fff2acbb000 	/System/Library/Frameworks/ImageIO.framework/Versions/A/Resources/libGIF.dylib
0x00007fff2acc0000 	/System/Library/Frameworks/ImageIO.framework/Versions/A/Resources/libJP2.dylib
0x00007fff2b0ce000 	/System/Library/Frameworks/ImageIO.framework/Versions/A/Resources/libRadiance.dylib
0x00007fff385ab000 	/System/Library/PrivateFrameworks/AppleJPEG.framework/Versions/A/AppleJPEG
0x00007fff2ca72000 	/System/Library/Frameworks/MetalPerformanceShaders.framework/Frameworks/MPSCore.framework/Versions/A/MPSCore
0x00007fff2ca8e000 	/System/Library/Frameworks/MetalPerformanceShaders.framework/Frameworks/MPSImage.framework/Versions/A/MPSImage
0x00007fff2cb23000 	/System/Library/Frameworks/MetalPerformanceShaders.framework/Frameworks/MPSNeuralNetwork.framework/Versions/A/MPSNeuralNetwork
0x00007fff2cafe000 	/System/Library/Frameworks/MetalPerformanceShaders.framework/Frameworks/MPSMatrix.framework/Versions/A/MPSMatrix
0x00007fff439a6000 	/System/Library/PrivateFrameworks/MetalTools.framework/Versions/A/MetalTools
0x00007fff31dd8000 	/System/Library/Frameworks/OpenGL.framework/Versions/A/Libraries/libGLU.dylib
0x00007fff31c18000 	/System/Library/Frameworks/OpenGL.framework/Versions/A/Libraries/libGFXShared.dylib
0x00007fff31c22000 	/System/Library/Frameworks/OpenGL.framework/Versions/A/Libraries/libGL.dylib
0x00007fff31c2e000 	/System/Library/Frameworks/OpenGL.framework/Versions/A/Libraries/libGLImage.dylib
0x00007fff31c0a000 	/System/Library/Frameworks/OpenGL.framework/Versions/A/Libraries/libCVMSPluginSupport.dylib
0x00007fff31c13000 	/System/Library/Frameworks/OpenGL.framework/Versions/A/Libraries/libCoreVMClient.dylib
0x00007fff4e88e000 	/usr/lib/libcups.2.dylib
0x00007fff2bfd9000 	/System/Library/Frameworks/Kerberos.framework/Versions/A/Kerberos
0x00007fff2a79f000 	/System/Library/Frameworks/GSS.framework/Versions/A/GSS
0x00007fff4f992000 	/usr/lib/libresolv.9.dylib
0x00007fff4ea8c000 	/usr/lib/libiconv.2.dylib
0x00007fff41b21000 	/System/Library/PrivateFrameworks/Heimdal.framework/Versions/A/Heimdal
0x00007fff4ea5b000 	/usr/lib/libheimdal-asn1.dylib
0x00007fff30a80000 	/System/Library/Frameworks/OpenDirectory.framework/Versions/A/OpenDirectory
0x00007fff3a8c1000 	/System/Library/PrivateFrameworks/CommonAuth.framework/Versions/A/CommonAuth
0x00007fff30a63000 	/System/Library/Frameworks/OpenDirectory.framework/Versions/A/Frameworks/CFOpenDirectory.framework/Versions/A/CFOpenDirectory
0x00007fff3439c000 	/System/Library/Frameworks/SecurityFoundation.framework/Versions/A/SecurityFoundation
0x00007fff37770000 	/System/Library/PrivateFrameworks/APFS.framework/Versions/A/APFS
0x00007fff4fdc7000 	/usr/lib/libutil.dylib
0x00007fff3862e000 	/System/Library/PrivateFrameworks/AppleSauce.framework/Versions/A/AppleSauce
0x00007fff42c8d000 	/System/Library/PrivateFrameworks/LinguisticData.framework/Versions/A/LinguisticData
0x00007fff4ee0e000 	/usr/lib/libmarisa.dylib
0x00007fff42c47000 	/System/Library/PrivateFrameworks/Lexicon.framework/Versions/A/Lexicon
0x00007fff4da0b000 	/usr/lib/libChineseTokenizer.dylib
0x00007fff4e0d0000 	/usr/lib/libcmph.dylib
0x00007fff42b51000 	/System/Library/PrivateFrameworks/LanguageModeling.framework/Versions/A/LanguageModeling
0x00007fff3b3d0000 	/System/Library/PrivateFrameworks/CoreEmoji.framework/Versions/A/CoreEmoji
0x00007fff3445a000 	/System/Library/Frameworks/ServiceManagement.framework/Versions/A/ServiceManagement
0x00007fff38e78000 	/System/Library/PrivateFrameworks/BackgroundTaskManagement.framework/Versions/A/BackgroundTaskManagement
0x00007fff4fec4000 	/usr/lib/libxslt.1.dylib
0x00007fff27857000 	/System/Library/Frameworks/Carbon.framework/Versions/A/Frameworks/Ink.framework/Versions/A/Ink
0x00007fff4bd55000 	/System/Library/PrivateFrameworks/TextureIO.framework/Versions/A/TextureIO
0x00007fff4def5000 	/usr/lib/libate.dylib
0x00007fff3c4aa000 	/System/Library/PrivateFrameworks/CrashReporterSupport.framework/Versions/A/CrashReporterSupport
0x00007fff490a5000 	/System/Library/PrivateFrameworks/Sharing.framework/Versions/A/Sharing
0x00007fff42892000 	/System/Library/PrivateFrameworks/IconServices.framework/Versions/A/IconServices
0x00007fff38aa8000 	/System/Library/PrivateFrameworks/AuthKit.framework/Versions/A/AuthKit
0x00007fff3842e000 	/System/Library/PrivateFrameworks/Apple80211.framework/Versions/A/Apple80211
0x00007fff3c2bf000 	/System/Library/PrivateFrameworks/CoreUtils.framework/Versions/A/CoreUtils
0x00007fff29e9c000 	/System/Library/Frameworks/CoreWLAN.framework/Versions/A/CoreWLAN
0x00007fff2a8e1000 	/System/Library/Frameworks/IOBluetooth.framework/Versions/A/IOBluetooth
0x00007fff47567000 	/System/Library/PrivateFrameworks/ProtocolBuffer.framework/Versions/A/ProtocolBuffer
0x00007fff43bc1000 	/System/Library/PrivateFrameworks/MobileKeyBag.framework/Versions/A/MobileKeyBag
0x00007fff3bb74000 	/System/Library/PrivateFrameworks/CorePhoneNumbers.framework/Versions/A/CorePhoneNumbers
0x00007fff38566000 	/System/Library/PrivateFrameworks/AppleIDAuthSupport.framework/Versions/A/AppleIDAuthSupport
0x00007fff42b3d000 	/System/Library/PrivateFrameworks/KeychainCircle.framework/Versions/A/KeychainCircle
0x00007fff3c445000 	/System/Library/PrivateFrameworks/CoreWiFi.framework/Versions/A/CoreWiFi
0x00007fff27da2000 	/System/Library/Frameworks/CoreBluetooth.framework/Versions/A/CoreBluetooth
0x00007fff3c694000 	/System/Library/PrivateFrameworks/DebugSymbols.framework/Versions/A/DebugSymbols
0x00007fff3c075000 	/System/Library/PrivateFrameworks/CoreSymbolication.framework/Versions/A/CoreSymbolication
0x00007fff4b546000 	/System/Library/PrivateFrameworks/Symbolication.framework/Versions/A/Symbolication
0x00007fff38458000 	/System/Library/PrivateFrameworks/AppleFSCompression.framework/Versions/A/AppleFSCompression
0x00007fff4a993000 	/System/Library/PrivateFrameworks/SpeechRecognitionCore.framework/Versions/A/SpeechRecognitionCore
0x0000000110e00000 	/Library/Java/JavaVirtualMachines/jdk-11.0.1.jdk/Contents/Home/lib/server/libjvm.dylib
0x0000000111c80000 	/Library/Java/JavaVirtualMachines/jdk-11.0.1.jdk/Contents/Home/lib/libverify.dylib
0x0000000111c8c000 	/Library/Java/JavaVirtualMachines/jdk-11.0.1.jdk/Contents/Home/lib/libjava.dylib
0x0000000111d03000 	/Library/Java/JavaVirtualMachines/jdk-11.0.1.jdk/Contents/Home/lib/libzip.dylib
0x0000000111d0b000 	/Library/Java/JavaVirtualMachines/jdk-11.0.1.jdk/Contents/Home/lib/libjimage.dylib
0x000000011b478000 	/Library/Java/JavaVirtualMachines/jdk-11.0.1.jdk/Contents/Home/lib/libnio.dylib
0x000000012df36000 	/Library/Java/JavaVirtualMachines/jdk-11.0.1.jdk/Contents/Home/lib/./libnet.dylib
0x000000011b486000 	/Library/Java/JavaVirtualMachines/jdk-11.0.1.jdk/Contents/Home/lib/libextnet.dylib
0x000000012eb27000 	/Library/Java/JavaVirtualMachines/jdk-11.0.1.jdk/Contents/Home/lib/libsunec.dylib
0x00000001307c6000 	/Library/Java/JavaVirtualMachines/jdk-11.0.1.jdk/Contents/Home/lib/libawt.dylib
0x000000013038a000 	/Library/Java/JavaVirtualMachines/jdk-11.0.1.jdk/Contents/Home/lib/./libmlib_image.dylib
0x00007fff2bfc2000 	/System/Library/Frameworks/JavaVM.framework/Versions/A/Frameworks/JavaNativeFoundation.framework/Versions/A/JavaNativeFoundation
0x00007fff2bfcb000 	/System/Library/Frameworks/JavaVM.framework/Versions/A/Frameworks/JavaRuntimeSupport.framework/Versions/A/JavaRuntimeSupport
0x00007fff2bfd4000 	/System/Library/Frameworks/JavaVM.framework/Versions/A/JavaVM
0x00007fff42a53000 	/System/Library/PrivateFrameworks/JavaLaunching.framework/Versions/A/JavaLaunching
0x00007fff27542000 	/System/Library/Frameworks/Carbon.framework/Versions/A/Carbon
0x00007fff27543000 	/System/Library/Frameworks/Carbon.framework/Versions/A/Frameworks/CommonPanels.framework/Versions/A/CommonPanels
0x00007fff2784d000 	/System/Library/Frameworks/Carbon.framework/Versions/A/Frameworks/Help.framework/Versions/A/Help
0x00007fff27851000 	/System/Library/Frameworks/Carbon.framework/Versions/A/Frameworks/ImageCapture.framework/Versions/A/ImageCapture
0x00007fff278ed000 	/System/Library/Frameworks/Carbon.framework/Versions/A/Frameworks/OpenScripting.framework/Versions/A/OpenScripting
0x00007fff27928000 	/System/Library/Frameworks/Carbon.framework/Versions/A/Frameworks/Print.framework/Versions/A/Print
0x00007fff2792a000 	/System/Library/Frameworks/Carbon.framework/Versions/A/Frameworks/SecurityHI.framework/Versions/A/SecurityHI
0x000000013273d000 	/Library/Java/JavaVirtualMachines/jdk-11.0.1.jdk/Contents/Home/lib/libawt_lwawt.dylib
0x000000012e01c000 	/Library/Java/JavaVirtualMachines/jdk-11.0.1.jdk/Contents/Home/lib/./libosxapp.dylib
0x00007fff2a341000 	/System/Library/Frameworks/ExceptionHandling.framework/Versions/A/ExceptionHandling
0x0000000131e27000 	/private/var/folders/my/g9_tw_ks1tn9bccb665f_j5h0000gn/T/1583479434230-0/libsqlite4java.dylib


VM Arguments:
jvm_args: -Djava.awt.headless=true -Dorg.gradle.native=false -Xmx512m -Dfile.encoding=UTF-8 -Duser.country=US -Duser.language=en -Duser.variant -ea 
java_command: worker.org.gradle.process.internal.worker.GradleWorkerMain 'Gradle Test Executor 1'
java_class_path (initial): /Users/Tim/.gradle/caches/5.4.1/workerMain/gradle-worker.jar:/Users/Tim/AndroidStudioProjects/project110/app/build/intermediates/unit_test_config_directory/debugUnitTest/out:/Users/Tim/AndroidStudioProjects/project110/app/build/intermediates/javac/debugUnitTest/classes:/Users/Tim/AndroidStudioProjects/project110/app/build/intermediates/sourceFolderJavaResources/test/debug:/Users/Tim/.gradle/caches/transforms-2/files-2.1/b10a726d52a2319d53f431428661c7e1/jetified-navigation-ui-2.0.0-runtime.jar:/Users/Tim/.gradle/caches/transforms-2/files-2.1/061eca60a0d1222b53274efc7ccb43d4/material-1.0.0-runtime.jar:/Users/Tim/.gradle/caches/transforms-2/files-2.1/c747446e8ed1104be64b11fcf8bc0997/appcompat-1.0.2-runtime.jar:/Users/Tim/.gradle/caches/transforms-2/files-2.1/78a540a3a1ea9165f6f35f2d12a789ab/constraintlayout-1.1.3-runtime.jar:/Users/Tim/.gradle/caches/transforms-2/files-2.1/8d25714171624c4ff522978226467383/play-services-fitness-18.0.0-runtime.jar:/Users/Tim/.gradle/caches/transforms-2/files-2.1/3fda5d172d1a3c3f1cc25b76e4355b53/play-services-auth-17.0.0-runtime.jar:/Users/Tim/.gradle/caches/transforms-2/files-2.1/018913bc981a80b341dc2a9f16c39ee4/jetified-firebase-auth-17.0.0-runtime.jar:/Users/Tim/.gradle/caches/transforms-2/files-2.1/0dc686a760e36491255cb7e05b632085/navigation-fragment-2.0.0-runtime.jar:/Users/Tim/.gradle/caches/transforms-2/files-2.1/3ef9539ed0c8e2d11896086513f4fac4/jetified-firebase-firestore-21.4.0-runtime.jar:/Users/Tim/.gradle/caches/transforms-2/files-2.1/d4164f3370a64b650552dba85c7f3b40/grpc-android-1.21.0-runtime.jar:/Users/Tim/.gradle/caches/modules-2/files-2.1/io.grpc/grpc-okhttp/1.21.0/f51c169b2a6173a1adfece8788ddc3345f6fa0e6/grpc-okhttp-1.21.0.jar:/Users/Tim/.gradle/caches/modules-2/files-2.1/io.grpc/grpc-core/1.21.0/578244433f69fbd2a8b5183c528088cc269c9417/grpc-core-1.21.0.jar:/Users/Tim/.gradle/caches/modules-2/files-2.1/com.google.code.gson/gson/2.8.2/3edcfe49d2c6053a70a2a47e4e1c2f94998a49cf/gson-2.8.2.jar:/Us
Launcher Type: SUN_STANDARD

[Global flags]
     intx CICompilerCount                          = 4                                         {product} {ergonomic}
     uint ConcGCThreads                            = 2                                         {product} {ergonomic}
     uint G1ConcRefinementThreads                  = 8                                         {product} {ergonomic}
   size_t G1HeapRegionSize                         = 1048576                                   {product} {ergonomic}
    uintx GCDrainStackTargetSize                   = 64                                        {product} {ergonomic}
   size_t InitialHeapSize                          = 268435456                                 {product} {ergonomic}
   size_t MarkStackSize                            = 4194304                                   {product} {ergonomic}
   size_t MaxHeapSize                              = 536870912                                 {product} {command line}
   size_t MaxNewSize                               = 321912832                                 {product} {ergonomic}
   size_t MinHeapDeltaBytes                        = 1048576                                   {product} {ergonomic}
    uintx NonNMethodCodeHeapSize                   = 5835340                                {pd product} {ergonomic}
    uintx NonProfiledCodeHeapSize                  = 122911450                              {pd product} {ergonomic}
    uintx ProfiledCodeHeapSize                     = 122911450                              {pd product} {ergonomic}
    uintx ReservedCodeCacheSize                    = 251658240                              {pd product} {ergonomic}
     bool SegmentedCodeCache                       = true                                      {product} {ergonomic}
     bool UseCompressedClassPointers               = true                                 {lp64_product} {ergonomic}
     bool UseCompressedOops                        = true                                 {lp64_product} {ergonomic}
     bool UseG1GC                                  = true                                      {product} {ergonomic}

Logging:
Log output configuration:
 #0: stdout all=warning uptime,level,tags
 #1: stderr all=off uptime,level,tags

Environment Variables:
PATH=/Users/Tim/.nvm/versions/node/v12.16.1/bin:/Users/Tim/Downloads/google-cloud-sdk/bin:/usr/local/bin:/usr/bin:/bin:/usr/sbin:/sbin:/Applications/VMware Fusion.app/Contents/Public:/Library/TeX/texbin:/opt/X11/bin
SHELL=/bin/bash
DISPLAY=/private/tmp/com.apple.launchd.LbldkGOzMD/org.macosforge.xquartz:0

Signal Handlers:
SIGSEGV: [libjvm.dylib+0x7525b4], sa_mask[0]=11111111011111110111111111111111, sa_flags=SA_ONSTACK|SA_RESTART|SA_SIGINFO
SIGBUS: [libjvm.dylib+0x7525b4], sa_mask[0]=11111111011111110111111111111111, sa_flags=SA_RESTART|SA_SIGINFO
SIGFPE: [libjvm.dylib+0x7525b4], sa_mask[0]=11111111011111110111111111111111, sa_flags=SA_RESTART|SA_SIGINFO
SIGPIPE: [libjvm.dylib+0x602b72], sa_mask[0]=11111111011111110111111111111111, sa_flags=SA_RESTART|SA_SIGINFO
SIGXFSZ: [libjvm.dylib+0x602b72], sa_mask[0]=11111111011111110111111111111111, sa_flags=SA_RESTART|SA_SIGINFO
SIGILL: [libjvm.dylib+0x7525b4], sa_mask[0]=11111111011111110111111111111111, sa_flags=SA_RESTART|SA_SIGINFO
SIGUSR2: [libjvm.dylib+0x603157], sa_mask[0]=00100000000000000000000000000000, sa_flags=SA_RESTART|SA_SIGINFO
SIGHUP: [libjvm.dylib+0x601bb3], sa_mask[0]=11111111011111110111111111111111, sa_flags=SA_RESTART|SA_SIGINFO
SIGINT: [libjvm.dylib+0x601bb3], sa_mask[0]=11111111011111110111111111111111, sa_flags=SA_RESTART|SA_SIGINFO
SIGTERM: [libjvm.dylib+0x601bb3], sa_mask[0]=11111111011111110111111111111111, sa_flags=SA_RESTART|SA_SIGINFO
SIGQUIT: [libjvm.dylib+0x601bb3], sa_mask[0]=11111111011111110111111111111111, sa_flags=SA_RESTART|SA_SIGINFO


---------------  S Y S T E M  ---------------

OS:uname:Darwin 17.7.0 Darwin Kernel Version 17.7.0: Thu Jun 21 22:53:14 PDT 2018; root:xnu-4570.71.2~1/RELEASE_X86_64 x86_64
rlimit: STACK 8192k, CORE 0k, NPROC 1418, NOFILE 10240, AS infinity, DATA infinity, FSIZE infinity
load average:3.01 2.74 2.69

CPU:total 8 (initial active 8) (4 cores per cpu, 2 threads per core) family 6 model 158 stepping 9, cmov, cx8, fxsr, mmx, sse, sse2, sse3, ssse3, sse4.1, sse4.2, popcnt, avx, avx2, aes, clmul, erms, rtm, 3dnowpref, lzcnt, ht, tsc, tscinvbit, bmi1, bmi2, adx, fma

Memory: 4k page, physical 16777216k(102232k free)

vm_info: Java HotSpot(TM) 64-Bit Server VM (11.0.1+13-LTS) for bsd-amd64 JRE (11.0.1+13-LTS), built on Oct  6 2018 12:16:08 by "mach5one" with gcc 4.2.1 Compatible Apple LLVM 9.1.0 (clang-902.0.39.2)

END.
